#
# A fatal error has been detected by the Java Runtime Environment:
#
#  SIGSEGV (0xb) at pc=0x00007ff55aab1627, pid=5793, tid=140691729757952
#
# JRE version: Java(TM) SE Runtime Environment (7.0_75-b13) (build 1.7.0_75-b13)
# Java VM: Java HotSpot(TM) 64-Bit Server VM (24.75-b04 mixed mode linux-amd64 compressed oops)
# Problematic frame:
# V  [libjvm.so+0x887627]  oopDesc* PSPromotionManager::copy_to_survivor_space<false>(oopDesc*)+0x177
#
# Failed to write core dump. Core dumps have been disabled. To enable core dumping, try "ulimit -c unlimited" before starting Java again
#
# If you would like to submit a bug report, please visit:
#   http://bugreport.sun.com/bugreport/crash.jsp
#

---------------  T H R E A D  ---------------

Current thread (0x00007ff554021800):  GCTaskThread [stack: 0x00007ff558833000,0x00007ff558934000] [id=5797]

siginfo:si_signo=SIGSEGV: si_errno=0, si_code=1 (SEGV_MAPERR), si_addr=0x0000000000000018

Registers:
RAX=0x00007ff55b04dcc0, RBX=0x00000000f68e44c0, RCX=0x0000000000000000, RDX=0x0000000000000000
RSP=0x00007ff558932ba0, RBP=0x00007ff558932c10, RSI=0x00000000f21be598, RDI=0x0000000000000010
R8 =0x0000000000000001, R9 =0x00007ff55b069518, R10=0x00007ff55b03b551, R11=0x00007ff558932bc0
R12=0x00000000f21be598, R13=0xf21c0f48f21be500, R14=0x0000000000000000, R15=0x00007ff55406fdc0
RIP=0x00007ff55aab1627, EFLAGS=0x0000000000010246, CSGSFS=0x0000000000000033, ERR=0x0000000000000004
  TRAPNO=0x000000000000000e

Top of Stack: (sp=0x00007ff558932ba0)
0x00007ff558932ba0:   00000000fae21abd 00007ff55b069518
0x00007ff558932bb0:   0000000000000018 00007ff55406fd50
0x00007ff558932bc0:   00000000f68e44c1 0000000000000001
0x00007ff558932bd0:   00000000fa1f04b2 0000000000001000
0x00007ff558932be0:   00000000b00162f0 00000000f68e44c0
0x00007ff558932bf0:   00007ff55406fd50 00007ff55b04dcc0
0x00007ff558932c00:   0000000000000000 00007ff55406fdc0
0x00007ff558932c10:   00007ff558932d00 00007ff55aab0e00
0x00007ff558932c20:   00000000c0f3c370 00007ff558932c90
0x00007ff558932c30:   00007ff558932ca0 00007ff558932c60
0x00007ff558932c40:   00007ff558932c70 00007ff558932cc0
0x00007ff558932c50:   00000000c64b310d 00007ff55406fdf0
0x00007ff558932c60:   00000000b010e320 00000000c64b310c
0x00007ff558932c70:   00007ff558932cc0 00007ff55a7dccb8
0x00007ff558932c80:   00000000b6517380 00007ff55aa26daf
0x00007ff558932c90:   00007ff55406fd50 00000000b6517318
0x00007ff558932ca0:   00007ff558932d00 00007ff55a7f1af2
0x00007ff558932cb0:   00000000b6517408 00007ff558cbd601
0x00007ff558932cc0:   00000000f68e44c1 00007ff55a5e609e
0x00007ff558932cd0:   00007ff55401f640 00007ff558c3d8be
0x00007ff558932ce0:   00000000b6517b90 00000000b6517600
0x00007ff558932cf0:   00000000b6517188 00007ff558c44bb3
0x00007ff558932d00:   00007ff558932d90 00007ff55a5e7497
0x00007ff558932d10:   00000000c71b0868 00007ff558c44bb4
0x00007ff558932d20:   00007ff55b069518 00007ff55406fd50
0x00007ff558932d30:   00000000b7376678 00007ff55401cf40
0x00007ff558932d40:   00007ff55401adc0 00000000b6517b90
0x00007ff558932d50:   00007ff558c3d8ba 00007ff558c3d8bc
0x00007ff558932d60:   00007ff558c3d8b9 00007ff55402f330
0x00007ff558932d70:   00007ff55406fd50 0000000000000001
0x00007ff558932d80:   00007ff554022120 00007ff55ac3f348
0x00007ff558932d90:   00007ff558932db0 00007ff55aab48cd 

Instructions: (pc=0x00007ff55aab1627)
0x00007ff55aab1607:   83 f8 05 75 d3 31 db eb d6 48 8b 05 41 f9 57 00
0x00007ff55aab1617:   8b 56 08 8b 48 08 48 d3 e2 48 03 10 48 8d 7a 10
0x00007ff55aab1627:   8b 77 08 83 fe 00 0f 8f db fe ff ff 0f 85 07 03
0x00007ff55aab1637:   00 00 0f 1f 80 00 00 00 00 48 8b 07 4c 89 e6 4c 

Register to memory mapping:

RAX=0x00007ff55b04dcc0: <offset 0xe23cc0> in /opt/java/jdk1.7.0_75/jre/lib/amd64/server/libjvm.so at 0x00007ff55a22a000
RBX=0x00000000f68e44c0 is an unknown value
RCX=0x0000000000000000 is an unknown value
RDX=0x0000000000000000 is an unknown value
RSP=0x00007ff558932ba0 is an unknown value
RBP=0x00007ff558932c10 is an unknown value
RSI=0x00000000f21be598 is an unknown value
RDI=0x0000000000000010 is an unknown value
R8 =0x0000000000000001 is an unknown value
R9 =0x00007ff55b069518: <offset 0xe3f518> in /opt/java/jdk1.7.0_75/jre/lib/amd64/server/libjvm.so at 0x00007ff55a22a000
R10=0x00007ff55b03b551: <offset 0xe11551> in /opt/java/jdk1.7.0_75/jre/lib/amd64/server/libjvm.so at 0x00007ff55a22a000
R11=0x00007ff558932bc0 is an unknown value
R12=0x00000000f21be598 is an unknown value
R13=0xf21c0f48f21be500 is an unknown value
R14=0x0000000000000000 is an unknown value
R15=0x00007ff55406fdc0 is an unknown value


Stack: [0x00007ff558833000,0x00007ff558934000],  sp=0x00007ff558932ba0,  free space=1022k
Native frames: (J=compiled Java code, j=interpreted, Vv=VM code, C=native code)
V  [libjvm.so+0x887627]  oopDesc* PSPromotionManager::copy_to_survivor_space<false>(oopDesc*)+0x177
V  [libjvm.so+0x886e00]  PSPromotionManager::drain_stacks_depth(bool)+0x7c0
V  [libjvm.so+0x3bd497]  CardTableExtension::scavenge_contents(ObjectStartArray*, MutableSpace*, HeapWord*, PSPromotionManager*)+0x617
V  [libjvm.so+0x88a8cd]  SerialOldToYoungRootsTask::do_it(GCTaskManager*, unsigned int)+0x3d
V  [libjvm.so+0x5572cf]  GCTaskThread::run()+0x12f
V  [libjvm.so+0x820b88]  java_start(Thread*)+0x108


---------------  P R O C E S S  ---------------

Java Threads: ( => current thread )
  0x00007ff4f8812000 JavaThread "process reaper" daemon [_thread_blocked, id=10103, stack(0x00007ff51d8c5000,0x00007ff51d8fe000)]
  0x00007ff4f8421000 JavaThread "Stdin handler" [_thread_blocked, id=10101, stack(0x00007ff51e435000,0x00007ff51e536000)]
  0x00007ff50400a000 JavaThread "Daemon worker Thread 14" [_thread_blocked, id=10098, stack(0x00007ff51e637000,0x00007ff51e738000)]
  0x00007ff50400b800 JavaThread "Cancel handler" [_thread_blocked, id=10097, stack(0x00007ff51e738000,0x00007ff51e839000)]
  0x00007ff504003800 JavaThread "Handler for socket connection from /127.0.0.1:48283 to /127.0.0.1:56912" [_thread_in_native, id=10096, stack(0x00007ff51e536000,0x00007ff51e637000)]
  0x00007ff500027800 JavaThread "Daemon Thread 14" [_thread_blocked, id=10095, stack(0x00007ff51e839000,0x00007ff51e93a000)]
  0x00007ff4f04a4800 JavaThread "File lock request listener" [_thread_in_native, id=5825, stack(0x00007ff51e290000,0x00007ff51e391000)]
  0x00007ff5546a2000 JavaThread "Incoming local TCP Connector on port 48283" [_thread_in_native, id=5812, stack(0x00007ff51e93a000,0x00007ff51ea3b000)]
  0x00007ff5540a1800 JavaThread "Service Thread" daemon [_thread_blocked, id=5810, stack(0x00007ff5300e9000,0x00007ff5301ea000)]
  0x00007ff55409f000 JavaThread "C2 CompilerThread1" daemon [_thread_blocked, id=5809, stack(0x00007ff5301ea000,0x00007ff5302eb000)]
  0x00007ff55409c800 JavaThread "C2 CompilerThread0" daemon [_thread_blocked, id=5808, stack(0x00007ff5302eb000,0x00007ff5303ec000)]
  0x00007ff55409a000 JavaThread "Signal Dispatcher" daemon [_thread_blocked, id=5807, stack(0x00007ff5303ec000,0x00007ff5304ed000)]
  0x00007ff554079000 JavaThread "Finalizer" daemon [_thread_blocked, id=5806, stack(0x00007ff5304ed000,0x00007ff5305ee000)]
  0x00007ff554077000 JavaThread "Reference Handler" daemon [_thread_blocked, id=5805, stack(0x00007ff5305ee000,0x00007ff5306ef000)]
  0x00007ff55400a000 JavaThread "main" [_thread_blocked, id=5794, stack(0x00007ff55bba2000,0x00007ff55bca3000)]

Other Threads:
  0x00007ff554072800 VMThread [stack: 0x00007ff5306ef000,0x00007ff5307f0000] [id=5804]
  0x00007ff5540ac800 WatcherThread [stack: 0x00007ff51f81d000,0x00007ff51f91e000] [id=5811]

=>0x00007ff554021800 (exited) GCTaskThread [stack: 0x00007ff558833000,0x00007ff558934000] [id=5797]

VM state:at safepoint (normal execution)

VM Mutex/Monitor currently owned by a thread:  ([mutex/lock_event])
[0x00007ff554006550] Threads_lock - owner thread: 0x00007ff554072800
[0x00007ff554006a50] Heap_lock - owner thread: 0x00007ff50400a000

Heap
 PSYoungGen      total 214016K, used 213224K [0x00000000eaa80000, 0x00000000fb500000, 0x0000000100000000)
  eden space 190976K, 100% used [0x00000000eaa80000,0x00000000f6500000,0x00000000f6500000)
  from space 23040K, 96% used [0x00000000f9e80000,0x00000000fb43a3c0,0x00000000fb500000)
  to   space 40960K, 41% used [0x00000000f6500000,0x00000000f75ae7c0,0x00000000f8d00000)
 ParOldGen       total 278016K, used 116826K [0x00000000c0000000, 0x00000000d0f80000, 0x00000000eaa80000)
  object space 278016K, 42% used [0x00000000c0000000,0x00000000c7216a28,0x00000000d0f80000)
 PSPermGen       total 147968K, used 118233K [0x00000000b0000000, 0x00000000b9080000, 0x00000000c0000000)
  object space 147968K, 79% used [0x00000000b0000000,0x00000000b7376678,0x00000000b9080000)

Card table byte_map: [0x00007ff558c0b000,0x00007ff558e8c000] byte_map_base: 0x00007ff55868b000

Polling page: 0x00007ff55bcc0000

Code Cache  [0x00007ff551000000, 0x00007ff5524a0000, 0x00007ff554000000)
 total_blobs=4338 nmethods=3689 adapters=601 free_code_cache=34066Kb largest_free_block=28721152

Compilation events (10 events):
Event: 7227.525 Thread 0x00007ff55409f000 nmethod 5907 0x00007ff5521f5710 code [0x00007ff5521f58a0, 0x00007ff5521f5dc8]
Event: 7227.525 Thread 0x00007ff55409f000 5908             org.objectweb.asm.MethodVisitor::<init> (7 bytes)
Event: 7227.526 Thread 0x00007ff55409f000 nmethod 5908 0x00007ff552192b50 code [0x00007ff552192c80, 0x00007ff552192cd8]
Event: 7227.526 Thread 0x00007ff55409f000 5909             org.objectweb.asm.MethodVisitor::<init> (15 bytes)
Event: 7227.526 Thread 0x00007ff55409f000 nmethod 5909 0x00007ff552192950 code [0x00007ff552192a80, 0x00007ff552192af8]
Event: 7227.526 Thread 0x00007ff55409f000 5910             org.objectweb.asm.tree.InsnList::<init> (5 bytes)
Event: 7227.526 Thread 0x00007ff55409f000 nmethod 5910 0x00007ff5521f8110 code [0x00007ff5521f8240, 0x00007ff5521f8298]
Event: 7227.526 Thread 0x00007ff55409f000 5911             org.objectweb.asm.tree.MethodNode::visitEnd (1 bytes)
Event: 7227.526 Thread 0x00007ff55409f000 nmethod 5911 0x00007ff5521f7f10 code [0x00007ff5521f8040, 0x00007ff5521f8098]
Event: 7228.071 Thread 0x00007ff55409c800 nmethod 5883 0x00007ff5522e6990 code [0x00007ff5522e8900, 0x00007ff5522fe800]

GC Heap History (10 events):
Event: 6553.966 GC heap after
Heap after GC invocations=58 (full 13):
 PSYoungGen      total 240640K, used 14390K [0x00000000eaa80000, 0x00000000fcd80000, 0x0000000100000000)
  eden space 204288K, 0% used [0x00000000eaa80000,0x00000000eaa80000,0x00000000f7200000)
  from space 36352K, 39% used [0x00000000f7200000,0x00000000f800d960,0x00000000f9580000)
  to   space 34816K, 0% used [0x00000000fab80000,0x00000000fab80000,0x00000000fcd80000)
 ParOldGen       total 278016K, used 146610K [0x00000000c0000000, 0x00000000d0f80000, 0x00000000eaa80000)
  object space 278016K, 52% used [0x00000000c0000000,0x00000000c8f2caa0,0x00000000d0f80000)
 PSPermGen       total 156160K, used 133701K [0x00000000b0000000, 0x00000000b9880000, 0x00000000c0000000)
  object space 156160K, 85% used [0x00000000b0000000,0x00000000b8291710,0x00000000b9880000)
}
Event: 6860.195 GC heap before
{Heap before GC invocations=59 (full 13):
 PSYoungGen      total 240640K, used 218678K [0x00000000eaa80000, 0x00000000fcd80000, 0x0000000100000000)
  eden space 204288K, 100% used [0x00000000eaa80000,0x00000000f7200000,0x00000000f7200000)
  from space 36352K, 39% used [0x00000000f7200000,0x00000000f800d960,0x00000000f9580000)
  to   space 34816K, 0% used [0x00000000fab80000,0x00000000fab80000,0x00000000fcd80000)
 ParOldGen       total 278016K, used 146610K [0x00000000c0000000, 0x00000000d0f80000, 0x00000000eaa80000)
  object space 278016K, 52% used [0x00000000c0000000,0x00000000c8f2caa0,0x00000000d0f80000)
 PSPermGen       total 156160K, used 143112K [0x00000000b0000000, 0x00000000b9880000, 0x00000000c0000000)
  object space 156160K, 91% used [0x00000000b0000000,0x00000000b8bc2128,0x00000000b9880000)
Event: 6860.219 GC heap after
Heap after GC invocations=59 (full 13):
 PSYoungGen      total 229888K, used 31874K [0x00000000eaa80000, 0x00000000fcb00000, 0x0000000100000000)
  eden space 197632K, 0% used [0x00000000eaa80000,0x00000000eaa80000,0x00000000f6b80000)
  from space 32256K, 98% used [0x00000000fab80000,0x00000000fcaa08d0,0x00000000fcb00000)
  to   space 38912K, 0% used [0x00000000f7f00000,0x00000000f7f00000,0x00000000fa500000)
 ParOldGen       total 278016K, used 146618K [0x00000000c0000000, 0x00000000d0f80000, 0x00000000eaa80000)
  object space 278016K, 52% used [0x00000000c0000000,0x00000000c8f2eaa0,0x00000000d0f80000)
 PSPermGen       total 156160K, used 143112K [0x00000000b0000000, 0x00000000b9880000, 0x00000000c0000000)
  object space 156160K, 91% used [0x00000000b0000000,0x00000000b8bc2128,0x00000000b9880000)
}
Event: 6861.880 GC heap before
{Heap before GC invocations=60 (full 13):
 PSYoungGen      total 229888K, used 221299K [0x00000000eaa80000, 0x00000000fcb00000, 0x0000000100000000)
  eden space 197632K, 95% used [0x00000000eaa80000,0x00000000f637c6e8,0x00000000f6b80000)
  from space 32256K, 98% used [0x00000000fab80000,0x00000000fcaa08d0,0x00000000fcb00000)
  to   space 38912K, 0% used [0x00000000f7f00000,0x00000000f7f00000,0x00000000fa500000)
 ParOldGen       total 278016K, used 146618K [0x00000000c0000000, 0x00000000d0f80000, 0x00000000eaa80000)
  object space 278016K, 52% used [0x00000000c0000000,0x00000000c8f2eaa0,0x00000000d0f80000)
 PSPermGen       total 156160K, used 149772K [0x00000000b0000000, 0x00000000b9880000, 0x00000000c0000000)
  object space 156160K, 95% used [0x00000000b0000000,0x00000000b9243068,0x00000000b9880000)
Event: 6861.898 GC heap after
Heap after GC invocations=60 (full 13):
 PSYoungGen      total 229888K, used 32185K [0x00000000eaa80000, 0x00000000fbd80000, 0x0000000100000000)
  eden space 197632K, 0% used [0x00000000eaa80000,0x00000000eaa80000,0x00000000f6b80000)
  from space 32256K, 99% used [0x00000000f7f00000,0x00000000f9e6e550,0x00000000f9e80000)
  to   space 31744K, 0% used [0x00000000f9e80000,0x00000000f9e80000,0x00000000fbd80000)
 ParOldGen       total 278016K, used 146618K [0x00000000c0000000, 0x00000000d0f80000, 0x00000000eaa80000)
  object space 278016K, 52% used [0x00000000c0000000,0x00000000c8f2eaa0,0x00000000d0f80000)
 PSPermGen       total 156160K, used 149772K [0x00000000b0000000, 0x00000000b9880000, 0x00000000c0000000)
  object space 156160K, 95% used [0x00000000b0000000,0x00000000b9243068,0x00000000b9880000)
}
Event: 6861.898 GC heap before
{Heap before GC invocations=61 (full 14):
 PSYoungGen      total 229888K, used 32185K [0x00000000eaa80000, 0x00000000fbd80000, 0x0000000100000000)
  eden space 197632K, 0% used [0x00000000eaa80000,0x00000000eaa80000,0x00000000f6b80000)
  from space 32256K, 99% used [0x00000000f7f00000,0x00000000f9e6e550,0x00000000f9e80000)
  to   space 31744K, 0% used [0x00000000f9e80000,0x00000000f9e80000,0x00000000fbd80000)
 ParOldGen       total 278016K, used 146618K [0x00000000c0000000, 0x00000000d0f80000, 0x00000000eaa80000)
  object space 278016K, 52% used [0x00000000c0000000,0x00000000c8f2eaa0,0x00000000d0f80000)
 PSPermGen       total 156160K, used 149772K [0x00000000b0000000, 0x00000000b9880000, 0x00000000c0000000)
  object space 156160K, 95% used [0x00000000b0000000,0x00000000b9243068,0x00000000b9880000)
Event: 6862.397 GC heap after
Heap after GC invocations=61 (full 14):
 PSYoungGen      total 229888K, used 0K [0x00000000eaa80000, 0x00000000fbd80000, 0x0000000100000000)
  eden space 197632K, 0% used [0x00000000eaa80000,0x00000000eaa80000,0x00000000f6b80000)
  from space 32256K, 0% used [0x00000000f7f00000,0x00000000f7f00000,0x00000000f9e80000)
  to   space 31744K, 0% used [0x00000000f9e80000,0x00000000f9e80000,0x00000000fbd80000)
 ParOldGen       total 278016K, used 116810K [0x00000000c0000000, 0x00000000d0f80000, 0x00000000eaa80000)
  object space 278016K, 42% used [0x00000000c0000000,0x00000000c7212a28,0x00000000d0f80000)
 PSPermGen       total 147968K, used 103441K [0x00000000b0000000, 0x00000000b9080000, 0x00000000c0000000)
  object space 147968K, 69% used [0x00000000b0000000,0x00000000b6504748,0x00000000b9080000)
}
Event: 7225.800 GC heap before
{Heap before GC invocations=62 (full 14):
 PSYoungGen      total 229888K, used 197632K [0x00000000eaa80000, 0x00000000fbd80000, 0x0000000100000000)
  eden space 197632K, 100% used [0x00000000eaa80000,0x00000000f6b80000,0x00000000f6b80000)
  from space 32256K, 0% used [0x00000000f7f00000,0x00000000f7f00000,0x00000000f9e80000)
  to   space 31744K, 0% used [0x00000000f9e80000,0x00000000f9e80000,0x00000000fbd80000)
 ParOldGen       total 278016K, used 116810K [0x00000000c0000000, 0x00000000d0f80000, 0x00000000eaa80000)
  object space 278016K, 42% used [0x00000000c0000000,0x00000000c7212a28,0x00000000d0f80000)
 PSPermGen       total 147968K, used 110213K [0x00000000b0000000, 0x00000000b9080000, 0x00000000c0000000)
  object space 147968K, 74% used [0x00000000b0000000,0x00000000b6ba16e8,0x00000000b9080000)
Event: 7225.815 GC heap after
Heap after GC invocations=62 (full 14):
 PSYoungGen      total 214016K, used 22248K [0x00000000eaa80000, 0x00000000fb500000, 0x0000000100000000)
  eden space 190976K, 0% used [0x00000000eaa80000,0x00000000eaa80000,0x00000000f6500000)
  from space 23040K, 96% used [0x00000000f9e80000,0x00000000fb43a3c0,0x00000000fb500000)
  to   space 40960K, 0% used [0x00000000f6500000,0x00000000f6500000,0x00000000f8d00000)
 ParOldGen       total 278016K, used 116818K [0x00000000c0000000, 0x00000000d0f80000, 0x00000000eaa80000)
  object space 278016K, 42% used [0x00000000c0000000,0x00000000c7214a28,0x00000000d0f80000)
 PSPermGen       total 147968K, used 110213K [0x00000000b0000000, 0x00000000b9080000, 0x00000000c0000000)
  object space 147968K, 74% used [0x00000000b0000000,0x00000000b6ba16e8,0x00000000b9080000)
}
Event: 7241.173 GC heap before
{Heap before GC invocations=63 (full 14):
 PSYoungGen      total 214016K, used 213224K [0x00000000eaa80000, 0x00000000fb500000, 0x0000000100000000)
  eden space 190976K, 100% used [0x00000000eaa80000,0x00000000f6500000,0x00000000f6500000)
  from space 23040K, 96% used [0x00000000f9e80000,0x00000000fb43a3c0,0x00000000fb500000)
  to   space 40960K, 0% used [0x00000000f6500000,0x00000000f6500000,0x00000000f8d00000)
 ParOldGen       total 278016K, used 116818K [0x00000000c0000000, 0x00000000d0f80000, 0x00000000eaa80000)
  object space 278016K, 42% used [0x00000000c0000000,0x00000000c7214a28,0x00000000d0f80000)
 PSPermGen       total 147968K, used 118233K [0x00000000b0000000, 0x00000000b9080000, 0x00000000c0000000)
  object space 147968K, 79% used [0x00000000b0000000,0x00000000b7376678,0x00000000b9080000)

Deoptimization events (10 events):
Event: 7225.694 Thread 0x00007ff50400a000 Uncommon trap: reason=null_check action=make_not_entrant pc=0x00007ff551965028 method=com.sun.tools.javac.code.Types.isDerivedRaw(Lcom/sun/tools/javac/code/Type;)Z @ 10
Event: 7226.109 Thread 0x00007ff50400a000 Uncommon trap: reason=uninitialized action=reinterpret pc=0x00007ff55189a81c method=org.eclipse.jdt.internal.compiler.parser.Parser.readTable(Ljava/lang/String;)[C @ 0
Event: 7226.457 Thread 0x00007ff50400a000 Uncommon trap: reason=unloaded action=reinterpret pc=0x00007ff551af2a2c method=org.eclipse.jdt.internal.compiler.parser.Parser.consumeToken(I)V @ 1437
Event: 7226.589 Thread 0x00007ff50400a000 Uncommon trap: reason=unloaded action=reinterpret pc=0x00007ff5519f8968 method=org.eclipse.jdt.internal.compiler.classfmt.FieldInfo.createField([B[II)Lorg/eclipse/jdt/internal/compiler/classfmt/FieldInfo; @ 24
Event: 7226.672 Thread 0x00007ff50400a000 Uncommon trap: reason=unreached action=reinterpret pc=0x00007ff55218157c method=org.eclipse.jdt.internal.compiler.lookup.Scope.findMemberType([CLorg/eclipse/jdt/internal/compiler/lookup/ReferenceBinding;)Lorg/eclipse/jdt/internal/compiler/lookup/Reference
Event: 7226.733 Thread 0x00007ff50400a000 Uncommon trap: reason=class_check action=maybe_recompile pc=0x00007ff551dd9304 method=org.eclipse.jdt.internal.compiler.lookup.BinaryTypeBinding.superInterfaces()[Lorg/eclipse/jdt/internal/compiler/lookup/ReferenceBinding; @ 46
Event: 7226.736 Thread 0x00007ff50400a000 Uncommon trap: reason=class_check action=maybe_recompile pc=0x00007ff55217ca18 method=org.eclipse.jdt.internal.compiler.lookup.Scope.getBinding([CILorg/eclipse/jdt/internal/compiler/lookup/InvocationSite;Z)Lorg/eclipse/jdt/internal/compiler/lookup/Binding
Event: 7226.738 Thread 0x00007ff50400a000 Uncommon trap: reason=class_check action=maybe_recompile pc=0x00007ff551dd9304 method=org.eclipse.jdt.internal.compiler.lookup.BinaryTypeBinding.superInterfaces()[Lorg/eclipse/jdt/internal/compiler/lookup/ReferenceBinding; @ 46
Event: 7227.038 Thread 0x00007ff50400a000 Uncommon trap: reason=null_check action=make_not_entrant pc=0x00007ff551b141b8 method=com.android.tools.lint.client.api.JavaVisitor$DispatchVisitor.visitModifiers(Llombok/ast/Modifiers;)Z @ 15
Event: 7227.296 Thread 0x00007ff50400a000 Uncommon trap: reason=unloaded action=reinterpret pc=0x00007ff551885e4c method=org.objectweb.asm.ClassReader.readConst(I[C)Ljava/lang/Object; @ 97

Internal exceptions (10 events):
Event: 7226.198 Thread 0x00007ff50400a000 Threw 0x00000000eefee5e0 at /HUDSON/workspace/7u-2-build-linux-amd64/jdk7u75/1940/hotspot/src/share/vm/interpreter/interpreterRuntime.cpp:347
Event: 7226.201 Thread 0x00007ff50400a000 Threw 0x00000000eeff1f30 at /HUDSON/workspace/7u-2-build-linux-amd64/jdk7u75/1940/hotspot/src/share/vm/interpreter/interpreterRuntime.cpp:347
Event: 7226.213 Thread 0x00007ff50400a000 Threw 0x00000000ef01e030 at /HUDSON/workspace/7u-2-build-linux-amd64/jdk7u75/1940/hotspot/src/share/vm/interpreter/interpreterRuntime.cpp:347
Event: 7226.214 Thread 0x00007ff50400a000 Threw 0x00000000ef02bf00 at /HUDSON/workspace/7u-2-build-linux-amd64/jdk7u75/1940/hotspot/src/share/vm/interpreter/interpreterRuntime.cpp:347
Event: 7226.215 Thread 0x00007ff50400a000 Threw 0x00000000ef02d740 at /HUDSON/workspace/7u-2-build-linux-amd64/jdk7u75/1940/hotspot/src/share/vm/interpreter/interpreterRuntime.cpp:347
Event: 7226.219 Thread 0x00007ff50400a000 Threw 0x00000000ef0311f0 at /HUDSON/workspace/7u-2-build-linux-amd64/jdk7u75/1940/hotspot/src/share/vm/interpreter/interpreterRuntime.cpp:347
Event: 7226.220 Thread 0x00007ff50400a000 Threw 0x00000000ef033210 at /HUDSON/workspace/7u-2-build-linux-amd64/jdk7u75/1940/hotspot/src/share/vm/interpreter/interpreterRuntime.cpp:347
Event: 7226.221 Thread 0x00007ff50400a000 Threw 0x00000000ef034ce8 at /HUDSON/workspace/7u-2-build-linux-amd64/jdk7u75/1940/hotspot/src/share/vm/interpreter/interpreterRuntime.cpp:347
Event: 7226.222 Thread 0x00007ff50400a000 Threw 0x00000000ef037e78 at /HUDSON/workspace/7u-2-build-linux-amd64/jdk7u75/1940/hotspot/src/share/vm/interpreter/interpreterRuntime.cpp:347
Event: 7227.038 Thread 0x00007ff50400a000 Implicit null exception at 0x00007ff551b1322f to 0x00007ff551b141ad

Events (10 events):
Event: 7227.544 Thread 0x00007ff4f8812000 Thread added: 0x00007ff4f8812000
Event: 7227.545 Thread 0x00007ff4f80fd800 Thread added: 0x00007ff4f80fd800
Event: 7227.545 Thread 0x00007ff4f84f4800 Thread added: 0x00007ff4f84f4800
Event: 7227.546 Executing VM operation: RevokeBias
Event: 7227.546 Executing VM operation: RevokeBias done
Event: 7241.147 Executing VM operation: RevokeBias
Event: 7241.148 Executing VM operation: RevokeBias done
Event: 7241.148 Thread 0x00007ff4f80fd800 Thread exited: 0x00007ff4f80fd800
Event: 7241.148 Thread 0x00007ff4f84f4800 Thread exited: 0x00007ff4f84f4800
Event: 7241.173 Executing VM operation: ParallelGCFailedAllocation


Dynamic libraries:
00400000-00401000 r-xp 00000000 08:01 8129012                            /opt/java/jdk1.7.0_75/bin/java
00600000-00601000 rw-p 00000000 08:01 8129012                            /opt/java/jdk1.7.0_75/bin/java
0190b000-0192c000 rw-p 00000000 00:00 0                                  [heap]
b0000000-b9080000 rw-p 00000000 00:00 0 
b9080000-c0000000 ---p 00000000 00:00 0 
c0000000-d0f80000 rw-p 00000000 00:00 0 
d0f80000-eaa80000 rw-p 00000000 00:00 0 
eaa80000-fb500000 rw-p 00000000 00:00 0 
fb500000-100000000 ---p 00000000 00:00 0 
7ff460000000-7ff460021000 rw-p 00000000 00:00 0 
7ff460021000-7ff464000000 ---p 00000000 00:00 0 
7ff468000000-7ff468021000 rw-p 00000000 00:00 0 
7ff468021000-7ff46c000000 ---p 00000000 00:00 0 
7ff46c000000-7ff46c021000 rw-p 00000000 00:00 0 
7ff46c021000-7ff470000000 ---p 00000000 00:00 0 
7ff470000000-7ff470021000 rw-p 00000000 00:00 0 
7ff470021000-7ff474000000 ---p 00000000 00:00 0 
7ff474000000-7ff474021000 rw-p 00000000 00:00 0 
7ff474021000-7ff478000000 ---p 00000000 00:00 0 
7ff478000000-7ff478021000 rw-p 00000000 00:00 0 
7ff478021000-7ff47c000000 ---p 00000000 00:00 0 
7ff47c000000-7ff47c021000 rw-p 00000000 00:00 0 
7ff47c021000-7ff480000000 ---p 00000000 00:00 0 
7ff480000000-7ff480021000 rw-p 00000000 00:00 0 
7ff480021000-7ff484000000 ---p 00000000 00:00 0 
7ff484000000-7ff484021000 rw-p 00000000 00:00 0 
7ff484021000-7ff488000000 ---p 00000000 00:00 0 
7ff488000000-7ff488021000 rw-p 00000000 00:00 0 
7ff488021000-7ff48c000000 ---p 00000000 00:00 0 
7ff48c000000-7ff48c021000 rw-p 00000000 00:00 0 
7ff48c021000-7ff490000000 ---p 00000000 00:00 0 
7ff490000000-7ff490021000 rw-p 00000000 00:00 0 
7ff490021000-7ff494000000 ---p 00000000 00:00 0 
7ff494000000-7ff494021000 rw-p 00000000 00:00 0 
7ff494021000-7ff498000000 ---p 00000000 00:00 0 
7ff498000000-7ff498021000 rw-p 00000000 00:00 0 
7ff498021000-7ff49c000000 ---p 00000000 00:00 0 
7ff49c000000-7ff49c021000 rw-p 00000000 00:00 0 
7ff49c021000-7ff4a0000000 ---p 00000000 00:00 0 
7ff4a0000000-7ff4a0021000 rw-p 00000000 00:00 0 
7ff4a0021000-7ff4a4000000 ---p 00000000 00:00 0 
7ff4a4000000-7ff4a4021000 rw-p 00000000 00:00 0 
7ff4a4021000-7ff4a8000000 ---p 00000000 00:00 0 
7ff4a8000000-7ff4a8021000 rw-p 00000000 00:00 0 
7ff4a8021000-7ff4ac000000 ---p 00000000 00:00 0 
7ff4ac000000-7ff4ac021000 rw-p 00000000 00:00 0 
7ff4ac021000-7ff4b0000000 ---p 00000000 00:00 0 
7ff4b0000000-7ff4b0021000 rw-p 00000000 00:00 0 
7ff4b0021000-7ff4b4000000 ---p 00000000 00:00 0 
7ff4b4000000-7ff4b4021000 rw-p 00000000 00:00 0 
7ff4b4021000-7ff4b8000000 ---p 00000000 00:00 0 
7ff4b8000000-7ff4b8021000 rw-p 00000000 00:00 0 
7ff4b8021000-7ff4bc000000 ---p 00000000 00:00 0 
7ff4bc000000-7ff4bc021000 rw-p 00000000 00:00 0 
7ff4bc021000-7ff4c0000000 ---p 00000000 00:00 0 
7ff4c0000000-7ff4c0021000 rw-p 00000000 00:00 0 
7ff4c0021000-7ff4c4000000 ---p 00000000 00:00 0 
7ff4c4000000-7ff4c4021000 rw-p 00000000 00:00 0 
7ff4c4021000-7ff4c8000000 ---p 00000000 00:00 0 
7ff4c8000000-7ff4c8021000 rw-p 00000000 00:00 0 
7ff4c8021000-7ff4cc000000 ---p 00000000 00:00 0 
7ff4cc000000-7ff4cc021000 rw-p 00000000 00:00 0 
7ff4cc021000-7ff4d0000000 ---p 00000000 00:00 0 
7ff4d0000000-7ff4d0021000 rw-p 00000000 00:00 0 
7ff4d0021000-7ff4d4000000 ---p 00000000 00:00 0 
7ff4d4000000-7ff4d4021000 rw-p 00000000 00:00 0 
7ff4d4021000-7ff4d8000000 ---p 00000000 00:00 0 
7ff4d8000000-7ff4d8021000 rw-p 00000000 00:00 0 
7ff4d8021000-7ff4dc000000 ---p 00000000 00:00 0 
7ff4dc000000-7ff4dc021000 rw-p 00000000 00:00 0 
7ff4dc021000-7ff4e0000000 ---p 00000000 00:00 0 
7ff4e0000000-7ff4e0021000 rw-p 00000000 00:00 0 
7ff4e0021000-7ff4e4000000 ---p 00000000 00:00 0 
7ff4e4000000-7ff4e4021000 rw-p 00000000 00:00 0 
7ff4e4021000-7ff4e8000000 ---p 00000000 00:00 0 
7ff4e8000000-7ff4e8c4c000 rw-p 00000000 00:00 0 
7ff4e8c4c000-7ff4ec000000 ---p 00000000 00:00 0 
7ff4ec000000-7ff4ec021000 rw-p 00000000 00:00 0 
7ff4ec021000-7ff4f0000000 ---p 00000000 00:00 0 
7ff4f0000000-7ff4f140b000 rw-p 00000000 00:00 0 
7ff4f140b000-7ff4f4000000 ---p 00000000 00:00 0 
7ff4f4000000-7ff4f4021000 rw-p 00000000 00:00 0 
7ff4f4021000-7ff4f8000000 ---p 00000000 00:00 0 
7ff4f8000000-7ff4f8b87000 rw-p 00000000 00:00 0 
7ff4f8b87000-7ff4fc000000 ---p 00000000 00:00 0 
7ff4fc000000-7ff4fc9a2000 rw-p 00000000 00:00 0 
7ff4fc9a2000-7ff500000000 ---p 00000000 00:00 0 
7ff500000000-7ff500038000 rw-p 00000000 00:00 0 
7ff500038000-7ff504000000 ---p 00000000 00:00 0 
7ff504000000-7ff504035000 rw-p 00000000 00:00 0 
7ff504035000-7ff508000000 ---p 00000000 00:00 0 
7ff508000000-7ff508021000 rw-p 00000000 00:00 0 
7ff508021000-7ff50c000000 ---p 00000000 00:00 0 
7ff50c000000-7ff50c021000 rw-p 00000000 00:00 0 
7ff50c021000-7ff510000000 ---p 00000000 00:00 0 
7ff510000000-7ff514000000 rw-p 00000000 00:00 0 
7ff514000000-7ff517ffe000 rw-p 00000000 00:00 0 
7ff517ffe000-7ff518000000 ---p 00000000 00:00 0 
7ff518000000-7ff518021000 rw-p 00000000 00:00 0 
7ff518021000-7ff51c000000 ---p 00000000 00:00 0 
7ff51c2e2000-7ff51c2f3000 r--s 000aa000 08:01 2111904                    /home/ramyaky/AndroidstudioProjects/Scorecard/app/build/intermediates/exploded-aar/com.android.support/support-v4/21.0.3/classes.jar
7ff51c2f3000-7ff51c2fc000 r--s 00073000 08:01 1706659                    /home/ramyaky/AndroidstudioProjects/Scorecard/app/build/intermediates/exploded-aar/com.android.support/appcompat-v7/21.0.3/classes.jar
7ff51c2fc000-7ff51c303000 r--s 0002d000 08:01 2229292                    /home/ramyaky/AndroidstudioProjects/Scorecard/app/build/intermediates/exploded-aar/com.android.support/support-v4/21.0.3/libs/internal_impl-21.0.3.jar
7ff51c303000-7ff51c305000 r--s 00026000 08:01 7996263                    /opt/android-studio/plugins/gradle/lib/gradle-tooling-extension-impl.jar
7ff51c308000-7ff51c309000 rw-p 00000000 00:00 0 
7ff51c309000-7ff51c30a000 r--s 00002000 08:01 12455349                   /home/ramyaky/Android/Sdk/extras/android/m2repository/com/android/support/support-annotations/21.0.3/support-annotations-21.0.3.jar
7ff51c30a000-7ff51c30b000 r--s 00005000 08:01 12190884                   /home/ramyaky/AndroidstudioProjects/Scorecard/app/libs/json-simple-1.1.1.jar
7ff51c30b000-7ff51c310000 r--s 0002a000 08:01 12190865                   /home/ramyaky/AndroidstudioProjects/Scorecard/app/libs/gson-2.2.4.jar
7ff51c310000-7ff51c406000 r--s 017b0000 08:01 8259918                    /home/ramyaky/Android/Sdk/platforms/android-21/android.jar
7ff51c406000-7ff51c409000 ---p 00000000 00:00 0 
7ff51c409000-7ff51c507000 rw-p 00000000 00:00 0 
7ff51c507000-7ff51c50a000 ---p 00000000 00:00 0 
7ff51c50a000-7ff51c608000 rw-p 00000000 00:00 0 
7ff51c608000-7ff51c60b000 ---p 00000000 00:00 0 
7ff51c60b000-7ff51c709000 rw-p 00000000 00:00 0 
7ff51c709000-7ff51c70c000 ---p 00000000 00:00 0 
7ff51c70c000-7ff51c80a000 rw-p 00000000 00:00 0 
7ff51c80a000-7ff51c80d000 ---p 00000000 00:00 0 
7ff51c80d000-7ff51c90b000 rw-p 00000000 00:00 0 
7ff51c90b000-7ff51c90e000 ---p 00000000 00:00 0 
7ff51c90e000-7ff51ca0c000 rw-p 00000000 00:00 0 
7ff51ca0c000-7ff51ca0f000 ---p 00000000 00:00 0 
7ff51ca0f000-7ff51cb0d000 rw-p 00000000 00:00 0 
7ff51cb0d000-7ff51cb10000 ---p 00000000 00:00 0 
7ff51cb10000-7ff51cb46000 rw-p 00000000 00:00 0 
7ff51cb46000-7ff51cb49000 ---p 00000000 00:00 0 
7ff51cb49000-7ff51cc47000 rw-p 00000000 00:00 0 
7ff51cc47000-7ff51cc4a000 ---p 00000000 00:00 0 
7ff51cc4a000-7ff51cd48000 rw-p 00000000 00:00 0 
7ff51cd48000-7ff51cd4b000 ---p 00000000 00:00 0 
7ff51cd4b000-7ff51ce49000 rw-p 00000000 00:00 0 
7ff51ce49000-7ff51ce4c000 ---p 00000000 00:00 0 
7ff51ce4c000-7ff51cf4a000 rw-p 00000000 00:00 0 
7ff51cf4a000-7ff51cf4d000 ---p 00000000 00:00 0 
7ff51cf4d000-7ff51d04b000 rw-p 00000000 00:00 0 
7ff51d04b000-7ff51d04e000 ---p 00000000 00:00 0 
7ff51d04e000-7ff51d14c000 rw-p 00000000 00:00 0 
7ff51d14c000-7ff51d14f000 ---p 00000000 00:00 0 
7ff51d14f000-7ff51d24d000 rw-p 00000000 00:00 0 
7ff51d24d000-7ff51d250000 ---p 00000000 00:00 0 
7ff51d250000-7ff51d286000 rw-p 00000000 00:00 0 
7ff51d286000-7ff51d289000 ---p 00000000 00:00 0 
7ff51d289000-7ff51d387000 rw-p 00000000 00:00 0 
7ff51d387000-7ff51d38a000 ---p 00000000 00:00 0 
7ff51d38a000-7ff51d488000 rw-p 00000000 00:00 0 
7ff51d488000-7ff51d48b000 ---p 00000000 00:00 0 
7ff51d48b000-7ff51d589000 rw-p 00000000 00:00 0 
7ff51d589000-7ff51d58c000 ---p 00000000 00:00 0 
7ff51d58c000-7ff51d68a000 rw-p 00000000 00:00 0 
7ff51d68a000-7ff51d68d000 ---p 00000000 00:00 0 
7ff51d68d000-7ff51d78b000 rw-p 00000000 00:00 0 
7ff51d78b000-7ff51d78e000 ---p 00000000 00:00 0 
7ff51d78e000-7ff51d88c000 rw-p 00000000 00:00 0 
7ff51d88c000-7ff51d88f000 ---p 00000000 00:00 0 
7ff51d88f000-7ff51d8c5000 rw-p 00000000 00:00 0 
7ff51d8c5000-7ff51d8c8000 ---p 00000000 00:00 0 
7ff51d8c8000-7ff51d8fe000 rw-p 00000000 00:00 0                          [stack:10103]
7ff51d8fe000-7ff51d901000 ---p 00000000 00:00 0 
7ff51d901000-7ff51d937000 rw-p 00000000 00:00 0 
7ff51d937000-7ff51d93a000 ---p 00000000 00:00 0 
7ff51d93a000-7ff51d970000 rw-p 00000000 00:00 0 
7ff51d970000-7ff51d973000 ---p 00000000 00:00 0 
7ff51d973000-7ff51da71000 rw-p 00000000 00:00 0 
7ff51da71000-7ff51da74000 ---p 00000000 00:00 0 
7ff51da74000-7ff51daaa000 rw-p 00000000 00:00 0 
7ff51daaa000-7ff51daad000 ---p 00000000 00:00 0 
7ff51daad000-7ff51dbab000 rw-p 00000000 00:00 0 
7ff51dbab000-7ff51dbae000 ---p 00000000 00:00 0 
7ff51dbae000-7ff51dcac000 rw-p 00000000 00:00 0 
7ff51dcac000-7ff51dcaf000 ---p 00000000 00:00 0 
7ff51dcaf000-7ff51ddad000 rw-p 00000000 00:00 0 
7ff51ddad000-7ff51ddb0000 ---p 00000000 00:00 0 
7ff51ddb0000-7ff51deae000 rw-p 00000000 00:00 0 
7ff51deae000-7ff51deb1000 ---p 00000000 00:00 0 
7ff51deb1000-7ff51dfaf000 rw-p 00000000 00:00 0 
7ff51dfaf000-7ff51dfb2000 ---p 00000000 00:00 0 
7ff51dfb2000-7ff51e0b0000 rw-p 00000000 00:00 0 
7ff51e0b0000-7ff51e0b3000 ---p 00000000 00:00 0 
7ff51e0b3000-7ff51e1b1000 rw-p 00000000 00:00 0 
7ff51e1b1000-7ff51e1b3000 r--s 00001000 08:01 8127773                    /opt/java/jdk1.7.0_75/jre/lib/ext/dnsns.jar
7ff51e1b3000-7ff51e1b5000 r--s 00004000 08:01 7996517                    /opt/android-studio/gradle/m2repository/org/ow2/asm/asm-tree/4.0/asm-tree-4.0.jar
7ff51e1b5000-7ff51e1be000 r--s 000a7000 08:01 7996571                    /opt/android-studio/gradle/m2repository/com/android/tools/external/lombok/lombok-ast/0.2.2/lombok-ast-0.2.2.jar
7ff51e1be000-7ff51e1c0000 r--s 0000a000 08:01 7996514                    /opt/android-studio/gradle/m2repository/org/ow2/asm/asm/4.0/asm-4.0.jar
7ff51e1c0000-7ff51e1c2000 r--s 0000d000 08:01 7996658                    /opt/android-studio/gradle/m2repository/commons-codec/commons-codec/1.4/commons-codec-1.4.jar
7ff51e1c2000-7ff51e1c4000 r--s 0000d000 08:01 7996418                    /opt/android-studio/gradle/m2repository/commons-logging/commons-logging/1.1.1/commons-logging-1.1.1.jar
7ff51e1c4000-7ff51e1c9000 r--s 00028000 08:01 7996452                    /opt/android-studio/gradle/m2repository/org/apache/httpcomponents/httpcore/4.1/httpcore-4.1.jar
7ff51e1c9000-7ff51e1ca000 r--s 00004000 08:01 7996506                    /opt/android-studio/gradle/m2repository/org/ow2/asm/asm-analysis/4.0/asm-analysis-4.0.jar
7ff51e1ca000-7ff51e1cd000 r--s 00029000 08:01 4198937                    /home/ramyaky/.gradle/caches/modules-2/files-2.1/com.android.tools.lint/lint-api/24.0.0/f7b3b232bc6a2a48a48dd3aedb80113c82d6acba/lint-api-24.0.0.jar
7ff51e1cd000-7ff51e1d4000 r--s 00053000 08:01 7996469                    /opt/android-studio/gradle/m2repository/org/apache/commons/commons-compress/1.8.1/commons-compress-1.8.1.jar
7ff51e1d4000-7ff51e1d5000 r--s 00005000 08:01 4198936                    /home/ramyaky/.gradle/caches/modules-2/files-2.1/com.android.tools/dvlib/24.0.0/ae24752eb30a9154f5a3d822b64d28d709b9c30b/dvlib-24.0.0.jar
7ff51e1d5000-7ff51e1d7000 r--s 00005000 08:01 7996445                    /opt/android-studio/gradle/m2repository/org/apache/httpcomponents/httpmime/4.1/httpmime-4.1.jar
7ff51e1d7000-7ff51e1df000 r--s 0004e000 08:01 7996461                    /opt/android-studio/gradle/m2repository/org/apache/httpcomponents/httpclient/4.1.1/httpclient-4.1.1.jar
7ff51e1df000-7ff51e1e2000 r--s 00011000 08:01 4198935                    /home/ramyaky/.gradle/caches/modules-2/files-2.1/com.android.tools.layoutlib/layoutlib-api/24.0.0/a43d5bf045da108875a860767c453078b0d77795/layoutlib-api-24.0.0.jar
7ff51e1e2000-7ff51e1e3000 r--s 0000a000 08:01 7996654                    /opt/android-studio/gradle/m2repository/net/sf/kxml/kxml2/2.3.0/kxml2-2.3.0.jar
7ff51e1e3000-7ff51e20e000 r--s 001f9000 08:01 7996542                    /opt/android-studio/gradle/m2repository/com/google/guava/guava/17.0/guava-17.0.jar
7ff51e20e000-7ff51e21e000 r--s 000d3000 08:01 7996636                    /opt/android-studio/gradle/m2repository/net/sf/proguard/proguard-base/5.1/proguard-base-5.1.jar
7ff51e21e000-7ff51e22d000 r--s 001a9000 08:01 4198934                    /home/ramyaky/.gradle/caches/modules-2/files-2.1/org.eclipse.jdt.core.compiler/ecj/4.2.2/d9fd79499c664bccaf24dbe04be417de6c6af64a/ecj-4.2.2.jar
7ff51e22d000-7ff51e232000 r--s 0008c000 08:01 4198933                    /home/ramyaky/.gradle/caches/modules-2/files-2.1/com.android.tools.lint/lint-checks/24.0.0/9cb8d9c675a7716ac6f4d20df0ef0aba0e4519f5/lint-checks-24.0.0.jar
7ff51e232000-7ff51e240000 r--s 00081000 08:01 7996487                    /opt/android-studio/gradle/m2repository/org/bouncycastle/bcpkix-jdk15on/1.48/bcpkix-jdk15on-1.48.jar
7ff51e240000-7ff51e24a000 r--s 000a8000 08:01 4198932                    /home/ramyaky/.gradle/caches/modules-2/files-2.1/com.android.tools/sdklib/24.0.0/df228874ac1c933b64492bdbe2d9bab5ab434166/sdklib-24.0.0.jar
7ff51e24a000-7ff51e24c000 r--s 00003000 08:01 4198931                    /home/ramyaky/.gradle/caches/modules-2/files-2.1/com.android.tools.build/builder-model/1.0.0/2a3969a9082b47a4855395de918682eee946285a/builder-model-1.0.0.jar
7ff51e24c000-7ff51e24f000 r--s 00029000 08:01 4198930                    /home/ramyaky/.gradle/caches/modules-2/files-2.1/com.android.tools.build/manifest-merger/24.0.0/d0193672ed299817e4be2ba1caeeda4924b0e447/manifest-merger-24.0.0.jar
7ff51e24f000-7ff51e254000 r--s 00042000 08:01 4198929                    /home/ramyaky/.gradle/caches/modules-2/files-2.1/com.android.tools.ddms/ddmlib/24.0.0/25b4cd0c917c47ce599008f4431ecffa0a57b51a/ddmlib-24.0.0.jar
7ff51e254000-7ff51e256000 r--s 00014000 08:01 4198927                    /home/ramyaky/.gradle/caches/modules-2/files-2.1/com.android.tools/common/24.0.0/271771234c82097345fb73c9571c403e22f62faf/common-24.0.0.jar
7ff51e256000-7ff51e258000 r--s 00002000 08:01 7996532                    /opt/android-studio/gradle/m2repository/com/squareup/javawriter/2.5.0/javawriter-2.5.0.jar
7ff51e258000-7ff51e28b000 r--s 00203000 08:01 7996493                    /opt/android-studio/gradle/m2repository/org/bouncycastle/bcprov-jdk15on/1.48/bcprov-jdk15on-1.48.jar
7ff51e28b000-7ff51e290000 r--s 00047000 08:01 4198926                    /home/ramyaky/.gradle/caches/modules-2/files-2.1/com.android.tools/sdk-common/24.0.0/ebb1e063b8c370a88a38bf46036dce3892fe6c01/sdk-common-24.0.0.jar
7ff51e290000-7ff51e293000 ---p 00000000 00:00 0 
7ff51e293000-7ff51e391000 rw-p 00000000 00:00 0                          [stack:5825]
7ff51e391000-7ff51e394000 ---p 00000000 00:00 0 
7ff51e394000-7ff51e3ca000 rw-p 00000000 00:00 0 
7ff51e3ca000-7ff51e435000 r--s 00e22000 08:01 8128986                    /opt/java/jdk1.7.0_75/lib/tools.jar
7ff51e435000-7ff51e438000 ---p 00000000 00:00 0 
7ff51e438000-7ff51e536000 rw-p 00000000 00:00 0                          [stack:10101]
7ff51e536000-7ff51e539000 ---p 00000000 00:00 0 
7ff51e539000-7ff51e637000 rw-p 00000000 00:00 0                          [stack:10096]
7ff51e637000-7ff51e63a000 ---p 00000000 00:00 0 
7ff51e63a000-7ff51e738000 rw-p 00000000 00:00 0                          [stack:10098]
7ff51e738000-7ff51e73b000 ---p 00000000 00:00 0 
7ff51e73b000-7ff51e839000 rw-p 00000000 00:00 0                          [stack:10097]
7ff51e839000-7ff51e83c000 ---p 00000000 00:00 0 
7ff51e83c000-7ff51e93a000 rw-p 00000000 00:00 0                          [stack:10095]
7ff51e93a000-7ff51e93d000 ---p 00000000 00:00 0 
7ff51e93d000-7ff51ea3b000 rw-p 00000000 00:00 0                          [stack:5812]
7ff51ea3b000-7ff51ea51000 r-xp 00000000 08:01 12320773                   /lib/x86_64-linux-gnu/libgcc_s.so.1
7ff51ea51000-7ff51ec50000 ---p 00016000 08:01 12320773                   /lib/x86_64-linux-gnu/libgcc_s.so.1
7ff51ec50000-7ff51ec51000 rw-p 00015000 08:01 12320773                   /lib/x86_64-linux-gnu/libgcc_s.so.1
7ff51ec51000-7ff51ed37000 r-xp 00000000 08:01 3285692                    /usr/lib/x86_64-linux-gnu/libstdc++.so.6.0.19
7ff51ed37000-7ff51ef36000 ---p 000e6000 08:01 3285692                    /usr/lib/x86_64-linux-gnu/libstdc++.so.6.0.19
7ff51ef36000-7ff51ef3e000 r--p 000e5000 08:01 3285692                    /usr/lib/x86_64-linux-gnu/libstdc++.so.6.0.19
7ff51ef3e000-7ff51ef40000 rw-p 000ed000 08:01 3285692                    /usr/lib/x86_64-linux-gnu/libstdc++.so.6.0.19
7ff51ef40000-7ff51ef55000 rw-p 00000000 00:00 0 
7ff51ef55000-7ff51ef59000 r-xp 00000000 08:01 4477764                    /tmp/native-platform7090787784067924875dir/libnative-platform.so
7ff51ef59000-7ff51f158000 ---p 00004000 08:01 4477764                    /tmp/native-platform7090787784067924875dir/libnative-platform.so
7ff51f158000-7ff51f159000 rw-p 00003000 08:01 4477764                    /tmp/native-platform7090787784067924875dir/libnative-platform.so
7ff51f159000-7ff51f15b000 r--s 0000f000 08:01 9047893                    /home/ramyaky/.gradle/wrapper/dists/gradle-2.2.1-all/c64ydeuardnfqctvr1gm30w53/gradle-2.2.1/lib/plugins/gradle-reporting-2.2.1.jar
7ff51f15b000-7ff51f15c000 r--s 00000000 08:01 4198928                    /home/ramyaky/.gradle/caches/modules-2/files-2.1/com.android.tools.build/builder-test-api/1.0.0/2d6ea74b74f8d928e468ff623825d22a5d8a1649/builder-test-api-1.0.0.jar
7ff51f15c000-7ff51f15d000 r--s 00002000 08:01 7996641                    /opt/android-studio/gradle/m2repository/net/sf/proguard/proguard-gradle/5.1/proguard-gradle-5.1.jar
7ff51f15d000-7ff51f15f000 r--s 00018000 08:01 4198925                    /home/ramyaky/.gradle/caches/modules-2/files-2.1/com.android.tools.lint/lint/24.0.0/e3d6e09a113af66fd2e5dc6e4d2321d7b0d82328/lint-24.0.0.jar
7ff51f15f000-7ff51f163000 r--s 00031000 08:01 4198924                    /home/ramyaky/.gradle/caches/modules-2/files-2.1/com.android.tools.build/builder/1.0.0/528fdfb8a4d51ae4177e7d913e88767916a84758/builder-1.0.0.jar
7ff51f163000-7ff51f173000 r--s 00138000 08:01 4198923                    /home/ramyaky/.gradle/caches/modules-2/files-2.1/com.android.tools.build/gradle/1.0.0/79f4ed9b6582ecec4d7b35aecfa45fbc48dadb96/gradle-1.0.0.jar
7ff51f173000-7ff51f17d000 r--s 00251000 08:01 8127213                    /opt/java/jdk1.7.0_75/jre/lib/resources.jar
7ff51f17d000-7ff51f17e000 r--p 00000000 00:00 0 
7ff51f17e000-7ff51f185000 r--s 00000000 08:01 3676308                    /usr/lib/x86_64-linux-gnu/gconv/gconv-modules.cache
7ff51f185000-7ff51f189000 r--s 0008b000 08:01 8127766                    /opt/java/jdk1.7.0_75/jre/lib/jsse.jar
7ff51f189000-7ff51f18b000 r--s 00002000 08:01 9047906                    /home/ramyaky/.gradle/wrapper/dists/gradle-2.2.1-all/c64ydeuardnfqctvr1gm30w53/gradle-2.2.1/lib/plugins/gradle-cunit-2.2.1.jar
7ff51f18b000-7ff51f190000 r--s 00036000 08:01 9047905                    /home/ramyaky/.gradle/wrapper/dists/gradle-2.2.1-all/c64ydeuardnfqctvr1gm30w53/gradle-2.2.1/lib/plugins/gradle-ide-native-2.2.1.jar
7ff51f190000-7ff51f195000 r--s 00013000 08:01 9047904                    /home/ramyaky/.gradle/wrapper/dists/gradle-2.2.1-all/c64ydeuardnfqctvr1gm30w53/gradle-2.2.1/lib/plugins/gradle-language-native-2.2.1.jar
7ff51f195000-7ff51f1a0000 r--s 0004d000 08:01 9047903                    /home/ramyaky/.gradle/wrapper/dists/gradle-2.2.1-all/c64ydeuardnfqctvr1gm30w53/gradle-2.2.1/lib/plugins/gradle-platform-native-2.2.1.jar
7ff51f1a0000-7ff51f1a2000 r--s 00008000 08:01 9047902                    /home/ramyaky/.gradle/wrapper/dists/gradle-2.2.1-all/c64ydeuardnfqctvr1gm30w53/gradle-2.2.1/lib/plugins/gradle-language-groovy-2.2.1.jar
7ff51f1a2000-7ff51f1a7000 r--s 00022000 08:01 9047901                    /home/ramyaky/.gradle/wrapper/dists/gradle-2.2.1-all/c64ydeuardnfqctvr1gm30w53/gradle-2.2.1/lib/plugins/gradle-language-java-2.2.1.jar
7ff51f1a7000-7ff51f1aa000 r--s 00007000 08:01 9047900                    /home/ramyaky/.gradle/wrapper/dists/gradle-2.2.1-all/c64ydeuardnfqctvr1gm30w53/gradle-2.2.1/lib/plugins/gradle-language-jvm-2.2.1.jar
7ff51f1aa000-7ff51f1ad000 r--s 00009000 08:01 9047899                    /home/ramyaky/.gradle/wrapper/dists/gradle-2.2.1-all/c64ydeuardnfqctvr1gm30w53/gradle-2.2.1/lib/plugins/gradle-platform-jvm-2.2.1.jar
7ff51f1ad000-7ff51f1b2000 r--s 00018000 08:01 9047898                    /home/ramyaky/.gradle/wrapper/dists/gradle-2.2.1-all/c64ydeuardnfqctvr1gm30w53/gradle-2.2.1/lib/plugins/gradle-platform-base-2.2.1.jar
7ff51f1b2000-7ff51f1b7000 r--s 00026000 08:01 9047897                    /home/ramyaky/.gradle/wrapper/dists/gradle-2.2.1-all/c64ydeuardnfqctvr1gm30w53/gradle-2.2.1/lib/plugins/gradle-build-init-2.2.1.jar
7ff51f1b7000-7ff51f1ba000 r--s 0001d000 08:01 9047896                    /home/ramyaky/.gradle/wrapper/dists/gradle-2.2.1-all/c64ydeuardnfqctvr1gm30w53/gradle-2.2.1/lib/plugins/gradle-jacoco-2.2.1.jar
7ff51f1ba000-7ff51f1bd000 r--s 0000d000 08:01 9047895                    /home/ramyaky/.gradle/wrapper/dists/gradle-2.2.1-all/c64ydeuardnfqctvr1gm30w53/gradle-2.2.1/lib/plugins/gradle-ivy-2.2.1.jar
7ff51f1bd000-7ff51f1bf000 r--s 00002000 08:01 9047894                    /home/ramyaky/.gradle/wrapper/dists/gradle-2.2.1-all/c64ydeuardnfqctvr1gm30w53/gradle-2.2.1/lib/plugins/gradle-publish-2.2.1.jar
7ff51f1bf000-7ff51f1c1000 r--s 00005000 08:01 9047932                    /home/ramyaky/.gradle/wrapper/dists/gradle-2.2.1-all/c64ydeuardnfqctvr1gm30w53/gradle-2.2.1/lib/plugins/jatl-0.2.2.jar
7ff51f1c1000-7ff51f1c6000 r--s 00034000 08:01 9047892                    /home/ramyaky/.gradle/wrapper/dists/gradle-2.2.1-all/c64ydeuardnfqctvr1gm30w53/gradle-2.2.1/lib/plugins/gradle-diagnostics-2.2.1.jar
7ff51f1c6000-7ff51f1cd000 r--s 00090000 08:01 9047891                    /home/ramyaky/.gradle/wrapper/dists/gradle-2.2.1-all/c64ydeuardnfqctvr1gm30w53/gradle-2.2.1/lib/plugins/gradle-build-comparison-2.2.1.jar
7ff51f1cd000-7ff51f1cf000 r--s 00004000 08:01 9047881                    /home/ramyaky/.gradle/wrapper/dists/gradle-2.2.1-all/c64ydeuardnfqctvr1gm30w53/gradle-2.2.1/lib/plugins/gradle-antlr-2.2.1.jar
7ff51f1cf000-7ff51f1d2000 r--s 0001e000 08:01 9047943                    /home/ramyaky/.gradle/wrapper/dists/gradle-2.2.1-all/c64ydeuardnfqctvr1gm30w53/gradle-2.2.1/lib/plugins/jsp-api-2.1-6.1.14.jar
7ff51f1d2000-7ff51f1d3000 r--s 00001000 08:01 9047907                    /home/ramyaky/.gradle/wrapper/dists/gradle-2.2.1-all/c64ydeuardnfqctvr1gm30w53/gradle-2.2.1/lib/plugins/gradle-plugin-development-2.2.1.jar
7ff51f1d3000-7ff51f1da000 r--s 00035000 08:01 9047931                    /home/ramyaky/.gradle/wrapper/dists/gradle-2.2.1-all/c64ydeuardnfqctvr1gm30w53/gradle-2.2.1/lib/plugins/simple-4.1.21.jar
7ff51f1da000-7ff51f1e6000 r--s 00100000 08:01 9047929                    /home/ramyaky/.gradle/wrapper/dists/gradle-2.2.1-all/c64ydeuardnfqctvr1gm30w53/gradle-2.2.1/lib/plugins/rhino-1.7R3.jar
7ff51f1e6000-7ff51f1eb000 r--s 0001f000 08:01 9047890                    /home/ramyaky/.gradle/wrapper/dists/gradle-2.2.1-all/c64ydeuardnfqctvr1gm30w53/gradle-2.2.1/lib/plugins/gradle-javascript-2.2.1.jar
7ff51f1eb000-7ff51f1ed000 r--s 0000e000 08:01 9047889                    /home/ramyaky/.gradle/wrapper/dists/gradle-2.2.1-all/c64ydeuardnfqctvr1gm30w53/gradle-2.2.1/lib/plugins/gradle-ear-2.2.1.jar
7ff51f1ed000-7ff51f1f1000 r--s 00025000 08:01 9047928                    /home/ramyaky/.gradle/wrapper/dists/gradle-2.2.1-all/c64ydeuardnfqctvr1gm30w53/gradle-2.2.1/lib/plugins/bcpg-jdk15-1.46.jar
7ff51f1f1000-7ff51f1f4000 r--s 0001d000 08:01 9047888                    /home/ramyaky/.gradle/wrapper/dists/gradle-2.2.1-all/c64ydeuardnfqctvr1gm30w53/gradle-2.2.1/lib/plugins/gradle-signing-2.2.1.jar
7ff51f1f4000-7ff51f1f5000 r--s 00002000 08:01 9047927                    /home/ramyaky/.gradle/wrapper/dists/gradle-2.2.1-all/c64ydeuardnfqctvr1gm30w53/gradle-2.2.1/lib/plugins/sonar-batch-bootstrapper-2.9.jar
7ff51f1f5000-7ff51f1f8000 r--s 00018000 08:01 9047887                    /home/ramyaky/.gradle/wrapper/dists/gradle-2.2.1-all/c64ydeuardnfqctvr1gm30w53/gradle-2.2.1/lib/plugins/gradle-sonar-2.2.1.jar
7ff51f1f8000-7ff51f1fb000 r--s 00017000 08:01 9047886                    /home/ramyaky/.gradle/wrapper/dists/gradle-2.2.1-all/c64ydeuardnfqctvr1gm30w53/gradle-2.2.1/lib/plugins/gradle-scala-2.2.1.jar
7ff51f1fb000-7ff51f1fd000 r--s 0000e000 08:01 9047885                    /home/ramyaky/.gradle/wrapper/dists/gradle-2.2.1-all/c64ydeuardnfqctvr1gm30w53/gradle-2.2.1/lib/plugins/gradle-announce-2.2.1.jar
7ff51f1fd000-7ff51f20b000 r--s 000bc000 08:01 9047884                    /home/ramyaky/.gradle/wrapper/dists/gradle-2.2.1-all/c64ydeuardnfqctvr1gm30w53/gradle-2.2.1/lib/plugins/gradle-ide-2.2.1.jar
7ff51f20b000-7ff51f20d000 r--s 00000000 08:01 9047926                    /home/ramyaky/.gradle/wrapper/dists/gradle-2.2.1-all/c64ydeuardnfqctvr1gm30w53/gradle-2.2.1/lib/plugins/plexus-component-annotations-1.5.2.jar
7ff51f20d000-7ff51f210000 r--s 0000c000 08:01 9047925                    /home/ramyaky/.gradle/wrapper/dists/gradle-2.2.1-all/c64ydeuardnfqctvr1gm30w53/gradle-2.2.1/lib/plugins/pmaven-groovy-0.8-20100325.jar
7ff51f210000-7ff51f211000 r--s 00004000 08:01 9047924                    /home/ramyaky/.gradle/wrapper/dists/gradle-2.2.1-all/c64ydeuardnfqctvr1gm30w53/gradle-2.2.1/lib/plugins/pmaven-common-0.8-20100325.jar
7ff51f211000-7ff51f215000 r--s 0001e000 08:01 9047883                    /home/ramyaky/.gradle/wrapper/dists/gradle-2.2.1-all/c64ydeuardnfqctvr1gm30w53/gradle-2.2.1/lib/plugins/gradle-maven-2.2.1.jar
7ff51f215000-7ff51f22d000 r--s 0013b000 08:01 9047922                    /home/ramyaky/.gradle/wrapper/dists/gradle-2.2.1-all/c64ydeuardnfqctvr1gm30w53/gradle-2.2.1/lib/plugins/bndlib-2.1.0.jar
7ff51f22d000-7ff51f22f000 r--s 00004000 08:01 9047882                    /home/ramyaky/.gradle/wrapper/dists/gradle-2.2.1-all/c64ydeuardnfqctvr1gm30w53/gradle-2.2.1/lib/plugins/gradle-osgi-2.2.1.jar
7ff51f22f000-7ff51f234000 r--s 00068000 08:01 9047921                    /home/ramyaky/.gradle/wrapper/dists/gradle-2.2.1-all/c64ydeuardnfqctvr1gm30w53/gradle-2.2.1/lib/plugins/antlr-2.7.7.jar
7ff51f234000-7ff51f235000 r--s 00002000 08:01 9047920                    /home/ramyaky/.gradle/wrapper/dists/gradle-2.2.1-all/c64ydeuardnfqctvr1gm30w53/gradle-2.2.1/lib/plugins/ant-antlr-1.9.3.jar
7ff51f235000-7ff51f258000 r--s 00344000 08:01 9047942                    /home/ramyaky/.gradle/wrapper/dists/gradle-2.2.1-all/c64ydeuardnfqctvr1gm30w53/gradle-2.2.1/lib/plugins/core-3.1.1.jar
7ff51f258000-7ff51f259000 r--s 00006000 08:01 9047941                    /home/ramyaky/.gradle/wrapper/dists/gradle-2.2.1-all/c64ydeuardnfqctvr1gm30w53/gradle-2.2.1/lib/plugins/jetty-naming-6.1.25.jar
7ff51f259000-7ff51f25a000 r--s 00002000 08:01 9047919                    /home/ramyaky/.gradle/wrapper/dists/gradle-2.2.1-all/c64ydeuardnfqctvr1gm30w53/gradle-2.2.1/lib/plugins/geronimo-annotation_1.0_spec-1.0.jar
7ff51f25a000-7ff51f25c000 r--s 00002000 08:01 9047918                    /home/ramyaky/.gradle/wrapper/dists/gradle-2.2.1-all/c64ydeuardnfqctvr1gm30w53/gradle-2.2.1/lib/plugins/jetty-annotations-6.1.25.jar
7ff51f25c000-7ff51f26d000 r--s 000ea000 08:01 9047917                    /home/ramyaky/.gradle/wrapper/dists/gradle-2.2.1-all/c64ydeuardnfqctvr1gm30w53/gradle-2.2.1/lib/plugins/jsp-2.1-6.1.14.jar
7ff51f26d000-7ff51f26f000 r--s 0000d000 08:01 9047916                    /home/ramyaky/.gradle/wrapper/dists/gradle-2.2.1-all/c64ydeuardnfqctvr1gm30w53/gradle-2.2.1/lib/plugins/jetty-plus-6.1.25.jar
7ff51f26f000-7ff51f271000 r--s 0001f000 08:01 9047915                    /home/ramyaky/.gradle/wrapper/dists/gradle-2.2.1-all/c64ydeuardnfqctvr1gm30w53/gradle-2.2.1/lib/plugins/servlet-api-2.5-20081211.jar
7ff51f271000-7ff51f275000 r--s 00028000 08:01 9047914                    /home/ramyaky/.gradle/wrapper/dists/gradle-2.2.1-all/c64ydeuardnfqctvr1gm30w53/gradle-2.2.1/lib/plugins/jetty-util-6.1.25.jar
7ff51f275000-7ff51f27c000 r--s 0007d000 08:01 9047913                    /home/ramyaky/.gradle/wrapper/dists/gradle-2.2.1-all/c64ydeuardnfqctvr1gm30w53/gradle-2.2.1/lib/plugins/jetty-6.1.25.jar
7ff51f27c000-7ff51f27e000 r--s 00009000 08:01 9047880                    /home/ramyaky/.gradle/wrapper/dists/gradle-2.2.1-all/c64ydeuardnfqctvr1gm30w53/gradle-2.2.1/lib/plugins/gradle-jetty-2.2.1.jar
7ff51f27e000-7ff51f283000 r--s 00041000 08:01 9047879                    /home/ramyaky/.gradle/wrapper/dists/gradle-2.2.1-all/c64ydeuardnfqctvr1gm30w53/gradle-2.2.1/lib/plugins/gradle-code-quality-2.2.1.jar
7ff51f283000-7ff51f285000 r--s 00009000 08:01 9047951                    /home/ramyaky/.gradle/wrapper/dists/gradle-2.2.1-all/c64ydeuardnfqctvr1gm30w53/gradle-2.2.1/lib/plugins/hamcrest-core-1.3.jar
7ff51f285000-7ff51f28b000 r--s 00033000 08:01 9047940                    /home/ramyaky/.gradle/wrapper/dists/gradle-2.2.1-all/c64ydeuardnfqctvr1gm30w53/gradle-2.2.1/lib/plugins/snakeyaml-1.6.jar
7ff51f28b000-7ff51f28d000 r--s 00006000 08:01 9047939                    /home/ramyaky/.gradle/wrapper/dists/gradle-2.2.1-all/c64ydeuardnfqctvr1gm30w53/gradle-2.2.1/lib/plugins/jcommander-1.12.jar
7ff51f28d000-7ff51f292000 r--s 00040000 08:01 9047938                    /home/ramyaky/.gradle/wrapper/dists/gradle-2.2.1-all/c64ydeuardnfqctvr1gm30w53/gradle-2.2.1/lib/plugins/bsh-2.0b4.jar
7ff51f292000-7ff51f294000 r--s 00009000 08:01 9047912                    /home/ramyaky/.gradle/wrapper/dists/gradle-2.2.1-all/c64ydeuardnfqctvr1gm30w53/gradle-2.2.1/lib/plugins/commons-cli-1.2.jar
7ff51f294000-7ff51f29d000 r--s 00089000 08:01 9047911                    /home/ramyaky/.gradle/wrapper/dists/gradle-2.2.1-all/c64ydeuardnfqctvr1gm30w53/gradle-2.2.1/lib/plugins/testng-6.3.1.jar
7ff51f29d000-7ff51f2a3000 r--s 00036000 08:01 9047910                    /home/ramyaky/.gradle/wrapper/dists/gradle-2.2.1-all/c64ydeuardnfqctvr1gm30w53/gradle-2.2.1/lib/plugins/junit-4.11.jar
7ff51f2a3000-7ff51f2af000 r--s 00075000 08:01 9047878                    /home/ramyaky/.gradle/wrapper/dists/gradle-2.2.1-all/c64ydeuardnfqctvr1gm30w53/gradle-2.2.1/lib/plugins/gradle-plugins-2.2.1.jar
7ff51f2af000-7ff51f2b2000 r--s 00011000 08:01 9047908                    /home/ramyaky/.gradle/wrapper/dists/gradle-2.2.1-all/c64ydeuardnfqctvr1gm30w53/gradle-2.2.1/lib/plugins/gradle-plugin-use-2.2.1.jar
7ff51f2b2000-7ff51f2ca000 r--s 00115000 08:01 9047949                    /home/ramyaky/.gradle/wrapper/dists/gradle-2.2.1-all/c64ydeuardnfqctvr1gm30w53/gradle-2.2.1/lib/plugins/xercesImpl-2.9.1.jar
7ff51f2ca000-7ff51f2d2000 r--s 00028000 08:01 9047950                    /home/ramyaky/.gradle/wrapper/dists/gradle-2.2.1-all/c64ydeuardnfqctvr1gm30w53/gradle-2.2.1/lib/plugins/xml-apis-1.3.04.jar
7ff51f2d2000-7ff51f2d8000 r--s 0005b000 08:01 9047948                    /home/ramyaky/.gradle/wrapper/dists/gradle-2.2.1-all/c64ydeuardnfqctvr1gm30w53/gradle-2.2.1/lib/plugins/jcifs-1.3.17.jar
7ff51f2d8000-7ff51f2de000 r--s 00031000 08:01 9047947                    /home/ramyaky/.gradle/wrapper/dists/gradle-2.2.1-all/c64ydeuardnfqctvr1gm30w53/gradle-2.2.1/lib/plugins/httpcore-4.2.2.jar
7ff51f2de000-7ff51f2e4000 r--s 00033000 08:01 9047946                    /home/ramyaky/.gradle/wrapper/dists/gradle-2.2.1-all/c64ydeuardnfqctvr1gm30w53/gradle-2.2.1/lib/plugins/commons-codec-1.6.jar
7ff51f2e4000-7ff51f2e7000 r--s 0001c000 08:01 9047945                    /home/ramyaky/.gradle/wrapper/dists/gradle-2.2.1-all/c64ydeuardnfqctvr1gm30w53/gradle-2.2.1/lib/plugins/nekohtml-1.9.14.jar
7ff51f2e7000-7ff51f2f0000 r--s 00060000 08:01 9047944                    /home/ramyaky/.gradle/wrapper/dists/gradle-2.2.1-all/c64ydeuardnfqctvr1gm30w53/gradle-2.2.1/lib/plugins/httpclient-4.2.2.jar
7ff51f2f0000-7ff51f2f2000 r--s 00007000 08:01 9047933                    /home/ramyaky/.gradle/wrapper/dists/gradle-2.2.1-all/c64ydeuardnfqctvr1gm30w53/gradle-2.2.1/lib/plugins/gradle-resources-http-2.2.1.jar
7ff51f2f2000-7ff51f31a000 r--s 00194000 08:01 9047937                    /home/ramyaky/.gradle/wrapper/dists/gradle-2.2.1-all/c64ydeuardnfqctvr1gm30w53/gradle-2.2.1/lib/plugins/bcprov-jdk15-1.46.jar
7ff51f31a000-7ff51f31e000 r--s 0001d000 08:01 9047936                    /home/ramyaky/.gradle/wrapper/dists/gradle-2.2.1-all/c64ydeuardnfqctvr1gm30w53/gradle-2.2.1/lib/plugins/xbean-reflect-3.4.jar
7ff51f31e000-7ff51f323000 r--s 0002a000 08:01 9047930                    /home/ramyaky/.gradle/wrapper/dists/gradle-2.2.1-all/c64ydeuardnfqctvr1gm30w53/gradle-2.2.1/lib/plugins/gson-2.2.4.jar
7ff51f323000-7ff51f327000 r--s 0003d000 08:01 9047935                    /home/ramyaky/.gradle/wrapper/dists/gradle-2.2.1-all/c64ydeuardnfqctvr1gm30w53/gradle-2.2.1/lib/plugins/jsch-0.1.51.jar
7ff51f327000-7ff51f340000 r--s 00129000 08:01 9047923                    /home/ramyaky/.gradle/wrapper/dists/gradle-2.2.1-all/c64ydeuardnfqctvr1gm30w53/gradle-2.2.1/lib/plugins/maven-ant-tasks-2.1.3.jar
7ff51f340000-7ff51f34f000 r--s 000d9000 08:01 9047934                    /home/ramyaky/.gradle/wrapper/dists/gradle-2.2.1-all/c64ydeuardnfqctvr1gm30w53/gradle-2.2.1/lib/plugins/ivy-2.2.0.jar
7ff51f34f000-7ff51f353000 r--s 0001e000 08:01 9047877                    /home/ramyaky/.gradle/wrapper/dists/gradle-2.2.1-all/c64ydeuardnfqctvr1gm30w53/gradle-2.2.1/lib/plugins/jarjar-aether-impl-1.13.1.jar
7ff51f353000-7ff51f356000 r--s 00027000 08:01 9047876                    /home/ramyaky/.gradle/wrapper/dists/gradle-2.2.1-all/c64ydeuardnfqctvr1gm30w53/gradle-2.2.1/lib/plugins/jarjar-maven-model-3.0.4.jar
7ff51f356000-7ff51f359000 r--s 0000b000 08:01 9047875                    /home/ramyaky/.gradle/wrapper/dists/gradle-2.2.1-all/c64ydeuardnfqctvr1gm30w53/gradle-2.2.1/lib/plugins/jarjar-maven-artifact-3.0.4.jar
7ff51f359000-7ff51f35d000 r--s 0001e000 08:01 9047874                    /home/ramyaky/.gradle/wrapper/dists/gradle-2.2.1-all/c64ydeuardnfqctvr1gm30w53/gradle-2.2.1/lib/plugins/jarjar-aether-util-1.13.1.jar
7ff51f35d000-7ff51f35f000 r--s 00007000 08:01 9047873                    /home/ramyaky/.gradle/wrapper/dists/gradle-2.2.1-all/c64ydeuardnfqctvr1gm30w53/gradle-2.2.1/lib/plugins/jarjar-wagon-http-shared4-2.4.jar
7ff51f35f000-7ff51f36c000 r--s 00083000 08:01 9047872                    /home/ramyaky/.gradle/wrapper/dists/gradle-2.2.1-all/c64ydeuardnfqctvr1gm30w53/gradle-2.2.1/lib/plugins/jarjar-maven-core-3.0.4.jar
7ff51f36c000-7ff51f36e000 r--s 00003000 08:01 9047871                    /home/ramyaky/.gradle/wrapper/dists/gradle-2.2.1-all/c64ydeuardnfqctvr1gm30w53/gradle-2.2.1/lib/plugins/jarjar-aether-spi-1.13.1.jar
7ff51f36e000-7ff51f370000 r--s 00009000 08:01 9047870                    /home/ramyaky/.gradle/wrapper/dists/gradle-2.2.1-all/c64ydeuardnfqctvr1gm30w53/gradle-2.2.1/lib/plugins/jarjar-maven-settings-builder-3.0.4.jar
7ff51f370000-7ff51f374000 r--s 00014000 08:01 9047869                    /home/ramyaky/.gradle/wrapper/dists/gradle-2.2.1-all/c64ydeuardnfqctvr1gm30w53/gradle-2.2.1/lib/plugins/jarjar-aether-api-1.13.1.jar
7ff51f374000-7ff51f375000 r--s 00002000 08:01 9047868                    /home/ramyaky/.gradle/wrapper/dists/gradle-2.2.1-all/c64ydeuardnfqctvr1gm30w53/gradle-2.2.1/lib/plugins/jarjar-wagon-http-2.4.jar
7ff51f375000-7ff51f37c000 r--s 00042000 08:01 9047867                    /home/ramyaky/.gradle/wrapper/dists/gradle-2.2.1-all/c64ydeuardnfqctvr1gm30w53/gradle-2.2.1/lib/plugins/jarjar-maven-compat-3.0.4.jar
7ff51f37c000-7ff51f37e000 r--s 00006000 08:01 9047866                    /home/ramyaky/.gradle/wrapper/dists/gradle-2.2.1-all/c64ydeuardnfqctvr1gm30w53/gradle-2.2.1/lib/plugins/jarjar-aether-connector-wagon-1.13.1.jar
7ff51f37e000-7ff51f380000 r--s 00000000 08:01 9047865                    /home/ramyaky/.gradle/wrapper/dists/gradle-2.2.1-all/c64ydeuardnfqctvr1gm30w53/gradle-2.2.1/lib/plugins/jarjar-plexus-component-annotations-1.5.5.jar
7ff51f380000-7ff51f382000 r--s 00006000 08:01 9047864                    /home/ramyaky/.gradle/wrapper/dists/gradle-2.2.1-all/c64ydeuardnfqctvr1gm30w53/gradle-2.2.1/lib/plugins/jarjar-plexus-sec-dispatcher-1.3.jar
7ff51f382000-7ff51f387000 r--s 00022000 08:01 9047863                    /home/ramyaky/.gradle/wrapper/dists/gradle-2.2.1-all/c64ydeuardnfqctvr1gm30w53/gradle-2.2.1/lib/plugins/jarjar-maven-model-builder-3.0.4.jar
7ff51f387000-7ff51f389000 r--s 0000b000 08:01 9047862                    /home/ramyaky/.gradle/wrapper/dists/gradle-2.2.1-all/c64ydeuardnfqctvr1gm30w53/gradle-2.2.1/lib/plugins/jarjar-maven-plugin-api-3.0.4.jar
7ff51f389000-7ff51f38c000 r--s 0000a000 08:01 9047861                    /home/ramyaky/.gradle/wrapper/dists/gradle-2.2.1-all/c64ydeuardnfqctvr1gm30w53/gradle-2.2.1/lib/plugins/jarjar-plexus-classworlds-2.4.jar
7ff51f38c000-7ff51f390000 r--s 00035000 08:01 9047860                    /home/ramyaky/.gradle/wrapper/dists/gradle-2.2.1-all/c64ydeuardnfqctvr1gm30w53/gradle-2.2.1/lib/plugins/jarjar-plexus-utils-2.0.6.jar
7ff51f390000-7ff51f392000 r--s 0000e000 08:01 9047859                    /home/ramyaky/.gradle/wrapper/dists/gradle-2.2.1-all/c64ydeuardnfqctvr1gm30w53/gradle-2.2.1/lib/plugins/jarjar-plexus-interpolation-1.14.jar
7ff51f392000-7ff51f394000 r--s 00002000 08:01 9047858                    /home/ramyaky/.gradle/wrapper/dists/gradle-2.2.1-all/c64ydeuardnfqctvr1gm30w53/gradle-2.2.1/lib/plugins/jarjar-plexus-cipher-1.7.jar
7ff51f394000-7ff51f396000 r--s 0000c000 08:01 9047857                    /home/ramyaky/.gradle/wrapper/dists/gradle-2.2.1-all/c64ydeuardnfqctvr1gm30w53/gradle-2.2.1/lib/plugins/jarjar-wagon-provider-api-2.4.jar
7ff51f396000-7ff51f398000 r--s 0000d000 08:01 9047856                    /home/ramyaky/.gradle/wrapper/dists/gradle-2.2.1-all/c64ydeuardnfqctvr1gm30w53/gradle-2.2.1/lib/plugins/jarjar-maven-aether-provider-3.0.4.jar
7ff51f398000-7ff51f3a0000 r--s 00031000 08:01 9047855                    /home/ramyaky/.gradle/wrapper/dists/gradle-2.2.1-all/c64ydeuardnfqctvr1gm30w53/gradle-2.2.1/lib/plugins/jarjar-plexus-container-default-1.5.5.jar
7ff51f3a0000-7ff51f3a1000 r--s 00007000 08:01 9047854                    /home/ramyaky/.gradle/wrapper/dists/gradle-2.2.1-all/c64ydeuardnfqctvr1gm30w53/gradle-2.2.1/lib/plugins/jarjar-maven-repository-metadata-3.0.4.jar
7ff51f3a1000-7ff51f3a2000 r--s 0000b000 08:01 9047853                    /home/ramyaky/.gradle/wrapper/dists/gradle-2.2.1-all/c64ydeuardnfqctvr1gm30w53/gradle-2.2.1/lib/plugins/jarjar-maven-settings-3.0.4.jar
7ff51f3a2000-7ff51f3ba000 r--s 000b5000 08:01 9047909                    /home/ramyaky/.gradle/wrapper/dists/gradle-2.2.1-all/c64ydeuardnfqctvr1gm30w53/gradle-2.2.1/lib/plugins/gradle-dependency-management-2.2.1.jar
7ff51f3ba000-7ff51f3ca000 r-xp 00000000 08:01 8127136                    /opt/java/jdk1.7.0_75/jre/lib/amd64/libnio.so
7ff51f3ca000-7ff51f5ca000 ---p 00010000 08:01 8127136                    /opt/java/jdk1.7.0_75/jre/lib/amd64/libnio.so
7ff51f5ca000-7ff51f5cb000 rw-p 00010000 08:01 8127136                    /opt/java/jdk1.7.0_75/jre/lib/amd64/libnio.so
7ff51f5cb000-7ff51f5fc000 rw-p 00000000 00:00 0 
7ff51f5fc000-7ff51f612000 r-xp 00000000 08:01 8127170                    /opt/java/jdk1.7.0_75/jre/lib/amd64/libnet.so
7ff51f612000-7ff51f812000 ---p 00016000 08:01 8127170                    /opt/java/jdk1.7.0_75/jre/lib/amd64/libnet.so
7ff51f812000-7ff51f813000 rw-p 00016000 08:01 8127170                    /opt/java/jdk1.7.0_75/jre/lib/amd64/libnet.so
7ff51f813000-7ff51f814000 r--s 00005000 08:01 9045351                    /home/ramyaky/.gradle/wrapper/dists/gradle-2.2.1-all/c64ydeuardnfqctvr1gm30w53/gradle-2.2.1/lib/gradle-wrapper-2.2.1.jar
7ff51f814000-7ff51f81d000 r--s 0002c000 08:01 9045356                    /home/ramyaky/.gradle/wrapper/dists/gradle-2.2.1-all/c64ydeuardnfqctvr1gm30w53/gradle-2.2.1/lib/gradle-tooling-api-2.2.1.jar
7ff51f81d000-7ff51f81e000 ---p 00000000 00:00 0 
7ff51f81e000-7ff51f91e000 rw-p 00000000 00:00 0                          [stack:5811]
7ff51f91e000-7ff520000000 r--p 00000000 08:01 3283785                    /usr/lib/locale/locale-archive
7ff520000000-7ff520021000 rw-p 00000000 00:00 0 
7ff520021000-7ff524000000 ---p 00000000 00:00 0 
7ff524000000-7ff524021000 rw-p 00000000 00:00 0 
7ff524021000-7ff528000000 ---p 00000000 00:00 0 
7ff528000000-7ff528182000 rw-p 00000000 00:00 0 
7ff528182000-7ff52c000000 ---p 00000000 00:00 0 
7ff52c000000-7ff52c037000 rw-p 00000000 00:00 0 
7ff52c037000-7ff530000000 ---p 00000000 00:00 0 
7ff530000000-7ff530002000 r--s 00002000 08:01 9047812                    /home/ramyaky/.gradle/wrapper/dists/gradle-2.2.1-all/c64ydeuardnfqctvr1gm30w53/gradle-2.2.1/lib/gradle-open-api-2.2.1.jar
7ff530002000-7ff530008000 r--s 00032000 08:01 9047833                    /home/ramyaky/.gradle/wrapper/dists/gradle-2.2.1-all/c64ydeuardnfqctvr1gm30w53/gradle-2.2.1/lib/jaxen-1.1.jar
7ff530008000-7ff53000d000 r--s 00048000 08:01 9047813                    /home/ramyaky/.gradle/wrapper/dists/gradle-2.2.1-all/c64ydeuardnfqctvr1gm30w53/gradle-2.2.1/lib/dom4j-1.6.1.jar
7ff53000d000-7ff530018000 r--s 00059000 08:01 9045355                    /home/ramyaky/.gradle/wrapper/dists/gradle-2.2.1-all/c64ydeuardnfqctvr1gm30w53/gradle-2.2.1/lib/gradle-ui-2.2.1.jar
7ff530018000-7ff53001a000 r--s 00006000 08:01 9047771                    /home/ramyaky/.gradle/wrapper/dists/gradle-2.2.1-all/c64ydeuardnfqctvr1gm30w53/gradle-2.2.1/lib/gradle-resources-2.2.1.jar
7ff53001a000-7ff53001c000 r--s 00007000 08:01 9047851                    /home/ramyaky/.gradle/wrapper/dists/gradle-2.2.1-all/c64ydeuardnfqctvr1gm30w53/gradle-2.2.1/lib/objenesis-1.2.jar
7ff53001c000-7ff53001e000 r--s 00000000 08:01 9047850                    /home/ramyaky/.gradle/wrapper/dists/gradle-2.2.1-all/c64ydeuardnfqctvr1gm30w53/gradle-2.2.1/lib/minlog-1.2.jar
7ff53001e000-7ff530020000 r--s 0000f000 08:01 9047849                    /home/ramyaky/.gradle/wrapper/dists/gradle-2.2.1-all/c64ydeuardnfqctvr1gm30w53/gradle-2.2.1/lib/reflectasm-1.07-shaded.jar
7ff530020000-7ff530024000 r--s 00026000 08:01 9047838                    /home/ramyaky/.gradle/wrapper/dists/gradle-2.2.1-all/c64ydeuardnfqctvr1gm30w53/gradle-2.2.1/lib/kryo-2.20.jar
7ff530024000-7ff53002d000 r--s 00039000 08:01 9045386                    /home/ramyaky/.gradle/wrapper/dists/gradle-2.2.1-all/c64ydeuardnfqctvr1gm30w53/gradle-2.2.1/lib/gradle-messaging-2.2.1.jar
7ff53002d000-7ff53002e000 r--s 00003000 08:01 9047848                    /home/ramyaky/.gradle/wrapper/dists/gradle-2.2.1-all/c64ydeuardnfqctvr1gm30w53/gradle-2.2.1/lib/native-platform-freebsd-amd64-0.10.jar
7ff53002e000-7ff53002f000 r--s 00003000 08:01 9047847                    /home/ramyaky/.gradle/wrapper/dists/gradle-2.2.1-all/c64ydeuardnfqctvr1gm30w53/gradle-2.2.1/lib/native-platform-freebsd-i386-0.10.jar
7ff53002f000-7ff530030000 r--s 00005000 08:01 9047846                    /home/ramyaky/.gradle/wrapper/dists/gradle-2.2.1-all/c64ydeuardnfqctvr1gm30w53/gradle-2.2.1/lib/native-platform-windows-i386-0.10.jar
7ff530030000-7ff530031000 r--s 00005000 08:01 9047845                    /home/ramyaky/.gradle/wrapper/dists/gradle-2.2.1-all/c64ydeuardnfqctvr1gm30w53/gradle-2.2.1/lib/native-platform-windows-amd64-0.10.jar
7ff530031000-7ff530032000 r--s 00003000 08:01 9047844                    /home/ramyaky/.gradle/wrapper/dists/gradle-2.2.1-all/c64ydeuardnfqctvr1gm30w53/gradle-2.2.1/lib/native-platform-linux-i386-0.10.jar
7ff530032000-7ff530033000 r--s 00003000 08:01 9047843                    /home/ramyaky/.gradle/wrapper/dists/gradle-2.2.1-all/c64ydeuardnfqctvr1gm30w53/gradle-2.2.1/lib/native-platform-linux-amd64-0.10.jar
7ff530033000-7ff530034000 r--s 00002000 08:01 9047842                    /home/ramyaky/.gradle/wrapper/dists/gradle-2.2.1-all/c64ydeuardnfqctvr1gm30w53/gradle-2.2.1/lib/native-platform-osx-amd64-0.10.jar
7ff530034000-7ff530035000 r--s 00002000 08:01 9047839                    /home/ramyaky/.gradle/wrapper/dists/gradle-2.2.1-all/c64ydeuardnfqctvr1gm30w53/gradle-2.2.1/lib/native-platform-osx-i386-0.10.jar
7ff530035000-7ff530037000 r--s 00008000 08:01 9047836                    /home/ramyaky/.gradle/wrapper/dists/gradle-2.2.1-all/c64ydeuardnfqctvr1gm30w53/gradle-2.2.1/lib/jansi-1.2.1.jar
7ff530037000-7ff53003a000 r--s 0000d000 08:01 9047835                    /home/ramyaky/.gradle/wrapper/dists/gradle-2.2.1-all/c64ydeuardnfqctvr1gm30w53/gradle-2.2.1/lib/native-platform-0.10.jar
7ff53003a000-7ff53003e000 r--s 000e4000 08:01 9047834                    /home/ramyaky/.gradle/wrapper/dists/gradle-2.2.1-all/c64ydeuardnfqctvr1gm30w53/gradle-2.2.1/lib/jna-3.2.7.jar
7ff53003e000-7ff530040000 r--s 00008000 08:01 9045357                    /home/ramyaky/.gradle/wrapper/dists/gradle-2.2.1-all/c64ydeuardnfqctvr1gm30w53/gradle-2.2.1/lib/gradle-native-2.2.1.jar
7ff530040000-7ff530042000 r--s 00005000 08:01 9045354                    /home/ramyaky/.gradle/wrapper/dists/gradle-2.2.1-all/c64ydeuardnfqctvr1gm30w53/gradle-2.2.1/lib/gradle-cli-2.2.1.jar
7ff530042000-7ff530044000 r--s 00003000 08:01 9045385                    /home/ramyaky/.gradle/wrapper/dists/gradle-2.2.1-all/c64ydeuardnfqctvr1gm30w53/gradle-2.2.1/lib/gradle-base-services-groovy-2.2.1.jar
7ff530044000-7ff530046000 r--s 0000a000 08:01 9045371                    /home/ramyaky/.gradle/wrapper/dists/gradle-2.2.1-all/c64ydeuardnfqctvr1gm30w53/gradle-2.2.1/lib/gradle-model-groovy-2.2.1.jar
7ff530046000-7ff53004a000 r--s 0001b000 08:01 9045370                    /home/ramyaky/.gradle/wrapper/dists/gradle-2.2.1-all/c64ydeuardnfqctvr1gm30w53/gradle-2.2.1/lib/gradle-model-core-2.2.1.jar
7ff53004a000-7ff53004b000 r--s 00000000 08:01 9047809                    /home/ramyaky/.gradle/wrapper/dists/gradle-2.2.1-all/c64ydeuardnfqctvr1gm30w53/gradle-2.2.1/lib/gradle-docs-2.2.1.jar
7ff53004b000-7ff53004d000 r--s 00003000 08:01 9047811                    /home/ramyaky/.gradle/wrapper/dists/gradle-2.2.1-all/c64ydeuardnfqctvr1gm30w53/gradle-2.2.1/lib/jcl-over-slf4j-1.7.7.jar
7ff53004d000-7ff530050000 r--s 0001b000 08:01 9045383                    /home/ramyaky/.gradle/wrapper/dists/gradle-2.2.1-all/c64ydeuardnfqctvr1gm30w53/gradle-2.2.1/lib/jarjar-1.3.jar
7ff530050000-7ff530056000 r--s 0003b000 08:01 9045380                    /home/ramyaky/.gradle/wrapper/dists/gradle-2.2.1-all/c64ydeuardnfqctvr1gm30w53/gradle-2.2.1/lib/logback-classic-1.0.13.jar
7ff530056000-7ff5300c1000 r--s 00685000 08:01 9045369                    /home/ramyaky/.gradle/wrapper/dists/gradle-2.2.1-all/c64ydeuardnfqctvr1gm30w53/gradle-2.2.1/lib/groovy-all-2.3.6.jar
7ff5300c1000-7ff5300e9000 r--s 001cf000 08:01 9045368                    /home/ramyaky/.gradle/wrapper/dists/gradle-2.2.1-all/c64ydeuardnfqctvr1gm30w53/gradle-2.2.1/lib/guava-jdk5-17.0.jar
7ff5300e9000-7ff5300ec000 ---p 00000000 00:00 0 
7ff5300ec000-7ff5301ea000 rw-p 00000000 00:00 0                          [stack:5810]
7ff5301ea000-7ff5301ed000 ---p 00000000 00:00 0 
7ff5301ed000-7ff5302eb000 rw-p 00000000 00:00 0                          [stack:5809]
7ff5302eb000-7ff5302ee000 ---p 00000000 00:00 0 
7ff5302ee000-7ff5303ec000 rw-p 00000000 00:00 0                          [stack:5808]
7ff5303ec000-7ff5303ef000 ---p 00000000 00:00 0 
7ff5303ef000-7ff5304ed000 rw-p 00000000 00:00 0                          [stack:5807]
7ff5304ed000-7ff5304f0000 ---p 00000000 00:00 0 
7ff5304f0000-7ff5305ee000 rw-p 00000000 00:00 0                          [stack:5806]
7ff5305ee000-7ff5305f1000 ---p 00000000 00:00 0 
7ff5305f1000-7ff5306ef000 rw-p 00000000 00:00 0                          [stack:5805]
7ff5306ef000-7ff5306f0000 ---p 00000000 00:00 0 
7ff5306f0000-7ff534000000 rw-p 00000000 00:00 0                          [stack:5804]
7ff534000000-7ff534035000 rw-p 00000000 00:00 0 
7ff534035000-7ff538000000 ---p 00000000 00:00 0 
7ff538000000-7ff538056000 rw-p 00000000 00:00 0 
7ff538056000-7ff53c000000 ---p 00000000 00:00 0 
7ff53c000000-7ff53c04f000 rw-p 00000000 00:00 0 
7ff53c04f000-7ff540000000 ---p 00000000 00:00 0 
7ff540000000-7ff540039000 rw-p 00000000 00:00 0 
7ff540039000-7ff544000000 ---p 00000000 00:00 0 
7ff544000000-7ff544278000 rw-p 00000000 00:00 0 
7ff544278000-7ff548000000 ---p 00000000 00:00 0 
7ff548000000-7ff548071000 rw-p 00000000 00:00 0 
7ff548071000-7ff54c000000 ---p 00000000 00:00 0 
7ff54c000000-7ff54c035000 rw-p 00000000 00:00 0 
7ff54c035000-7ff550000000 ---p 00000000 00:00 0 
7ff550000000-7ff550001000 r--s 00005000 08:01 9047810                    /home/ramyaky/.gradle/wrapper/dists/gradle-2.2.1-all/c64ydeuardnfqctvr1gm30w53/gradle-2.2.1/lib/log4j-over-slf4j-1.7.7.jar
7ff550001000-7ff550002000 r--s 00000000 08:01 9045384                    /home/ramyaky/.gradle/wrapper/dists/gradle-2.2.1-all/c64ydeuardnfqctvr1gm30w53/gradle-2.2.1/lib/javax.inject-1.jar
7ff550002000-7ff55000c000 r--s 0005d000 08:01 9045379                    /home/ramyaky/.gradle/wrapper/dists/gradle-2.2.1-all/c64ydeuardnfqctvr1gm30w53/gradle-2.2.1/lib/logback-core-1.0.13.jar
7ff55000c000-7ff550011000 r--s 00041000 08:01 9045378                    /home/ramyaky/.gradle/wrapper/dists/gradle-2.2.1-all/c64ydeuardnfqctvr1gm30w53/gradle-2.2.1/lib/commons-lang-2.6.jar
7ff550011000-7ff55001f000 r--s 0007f000 08:01 9045374                    /home/ramyaky/.gradle/wrapper/dists/gradle-2.2.1-all/c64ydeuardnfqctvr1gm30w53/gradle-2.2.1/lib/commons-collections-3.2.1.jar
7ff55001f000-7ff550024000 r--s 00036000 08:01 9045372                    /home/ramyaky/.gradle/wrapper/dists/gradle-2.2.1-all/c64ydeuardnfqctvr1gm30w53/gradle-2.2.1/lib/asm-all-5.0.3.jar
7ff550024000-7ff550043000 r--s 001cc000 08:01 9045373                    /home/ramyaky/.gradle/wrapper/dists/gradle-2.2.1-all/c64ydeuardnfqctvr1gm30w53/gradle-2.2.1/lib/ant-1.9.3.jar
7ff550043000-7ff550074000 r--s 00191000 08:01 9045353                    /home/ramyaky/.gradle/wrapper/dists/gradle-2.2.1-all/c64ydeuardnfqctvr1gm30w53/gradle-2.2.1/lib/gradle-core-2.2.1.jar
7ff550074000-7ff550bc1000 rw-p 00000000 00:00 0 
7ff550bc1000-7ff550d80000 r--s 039eb000 08:01 8127822                    /opt/java/jdk1.7.0_75/jre/lib/rt.jar
7ff550d80000-7ff551000000 rw-p 00000000 00:00 0 
7ff551000000-7ff5524a0000 rwxp 00000000 00:00 0 
7ff5524a0000-7ff5546bc000 rw-p 00000000 00:00 0 
7ff5546bc000-7ff558000000 ---p 00000000 00:00 0 
7ff558000000-7ff558002000 r--s 00000000 08:01 9045382                    /home/ramyaky/.gradle/wrapper/dists/gradle-2.2.1-all/c64ydeuardnfqctvr1gm30w53/gradle-2.2.1/lib/jul-to-slf4j-1.7.7.jar
7ff558002000-7ff55822d000 rw-p 00000000 00:00 0 
7ff55822d000-7ff55822e000 ---p 00000000 00:00 0 
7ff55822e000-7ff55832e000 rw-p 00000000 00:00 0                          [stack:5803]
7ff55832e000-7ff55832f000 ---p 00000000 00:00 0 
7ff55832f000-7ff55842f000 rw-p 00000000 00:00 0                          [stack:5802]
7ff55842f000-7ff558430000 ---p 00000000 00:00 0 
7ff558430000-7ff558530000 rw-p 00000000 00:00 0                          [stack:5801]
7ff558530000-7ff558531000 ---p 00000000 00:00 0 
7ff558531000-7ff558631000 rw-p 00000000 00:00 0                          [stack:5800]
7ff558631000-7ff558632000 ---p 00000000 00:00 0 
7ff558632000-7ff558732000 rw-p 00000000 00:00 0                          [stack:5799]
7ff558732000-7ff558733000 ---p 00000000 00:00 0 
7ff558733000-7ff558833000 rw-p 00000000 00:00 0                          [stack:5798]
7ff558833000-7ff558834000 ---p 00000000 00:00 0 
7ff558834000-7ff558934000 rw-p 00000000 00:00 0                          [stack:5797]
7ff558934000-7ff558935000 ---p 00000000 00:00 0 
7ff558935000-7ff558a7e000 rw-p 00000000 00:00 0                          [stack:5796]
7ff558a7e000-7ff558ab5000 ---p 00000000 00:00 0 
7ff558ab5000-7ff558b3d000 rw-p 00000000 00:00 0 
7ff558b3d000-7ff558c0b000 rw-p 00000000 00:00 0 
7ff558c0b000-7ff558c54000 rw-p 00000000 00:00 0 
7ff558c54000-7ff558c8b000 ---p 00000000 00:00 0 
7ff558c8b000-7ff558d13000 rw-p 00000000 00:00 0 
7ff558d13000-7ff558de0000 rw-p 00000000 00:00 0 
7ff558de0000-7ff558e66000 rw-p 00000000 00:00 0 
7ff558e66000-7ff558e8b000 ---p 00000000 00:00 0 
7ff558e8b000-7ff558e8c000 rw-p 00000000 00:00 0 
7ff558e8c000-7ff558ea6000 r-xp 00000000 08:01 8127165                    /opt/java/jdk1.7.0_75/jre/lib/amd64/libzip.so
7ff558ea6000-7ff5590a6000 ---p 0001a000 08:01 8127165                    /opt/java/jdk1.7.0_75/jre/lib/amd64/libzip.so
7ff5590a6000-7ff5590a7000 rw-p 0001a000 08:01 8127165                    /opt/java/jdk1.7.0_75/jre/lib/amd64/libzip.so
7ff5590a7000-7ff5590b2000 r-xp 00000000 08:01 12325029                   /lib/x86_64-linux-gnu/libnss_files-2.19.so
7ff5590b2000-7ff5592b1000 ---p 0000b000 08:01 12325029                   /lib/x86_64-linux-gnu/libnss_files-2.19.so
7ff5592b1000-7ff5592b2000 r--p 0000a000 08:01 12325029                   /lib/x86_64-linux-gnu/libnss_files-2.19.so
7ff5592b2000-7ff5592b3000 rw-p 0000b000 08:01 12325029                   /lib/x86_64-linux-gnu/libnss_files-2.19.so
7ff5592b3000-7ff5592be000 r-xp 00000000 08:01 12324686                   /lib/x86_64-linux-gnu/libnss_nis-2.19.so
7ff5592be000-7ff5594bd000 ---p 0000b000 08:01 12324686                   /lib/x86_64-linux-gnu/libnss_nis-2.19.so
7ff5594bd000-7ff5594be000 r--p 0000a000 08:01 12324686                   /lib/x86_64-linux-gnu/libnss_nis-2.19.so
7ff5594be000-7ff5594bf000 rw-p 0000b000 08:01 12324686                   /lib/x86_64-linux-gnu/libnss_nis-2.19.so
7ff5594bf000-7ff5594d6000 r-xp 00000000 08:01 12320867                   /lib/x86_64-linux-gnu/libnsl-2.19.so
7ff5594d6000-7ff5596d5000 ---p 00017000 08:01 12320867                   /lib/x86_64-linux-gnu/libnsl-2.19.so
7ff5596d5000-7ff5596d6000 r--p 00016000 08:01 12320867                   /lib/x86_64-linux-gnu/libnsl-2.19.so
7ff5596d6000-7ff5596d7000 rw-p 00017000 08:01 12320867                   /lib/x86_64-linux-gnu/libnsl-2.19.so
7ff5596d7000-7ff5596d9000 rw-p 00000000 00:00 0 
7ff5596d9000-7ff5596e2000 r-xp 00000000 08:01 12320864                   /lib/x86_64-linux-gnu/libnss_compat-2.19.so
7ff5596e2000-7ff5598e1000 ---p 00009000 08:01 12320864                   /lib/x86_64-linux-gnu/libnss_compat-2.19.so
7ff5598e1000-7ff5598e2000 r--p 00008000 08:01 12320864                   /lib/x86_64-linux-gnu/libnss_compat-2.19.so
7ff5598e2000-7ff5598e3000 rw-p 00009000 08:01 12320864                   /lib/x86_64-linux-gnu/libnss_compat-2.19.so
7ff5598e3000-7ff55990c000 r-xp 00000000 08:01 8127131                    /opt/java/jdk1.7.0_75/jre/lib/amd64/libjava.so
7ff55990c000-7ff559b0c000 ---p 00029000 08:01 8127131                    /opt/java/jdk1.7.0_75/jre/lib/amd64/libjava.so
7ff559b0c000-7ff559b0e000 rw-p 00029000 08:01 8127131                    /opt/java/jdk1.7.0_75/jre/lib/amd64/libjava.so
7ff559b0e000-7ff559b1b000 r-xp 00000000 08:01 8127158                    /opt/java/jdk1.7.0_75/jre/lib/amd64/libverify.so
7ff559b1b000-7ff559d1a000 ---p 0000d000 08:01 8127158                    /opt/java/jdk1.7.0_75/jre/lib/amd64/libverify.so
7ff559d1a000-7ff559d1c000 rw-p 0000c000 08:01 8127158                    /opt/java/jdk1.7.0_75/jre/lib/amd64/libverify.so
7ff559d1c000-7ff559d23000 r-xp 00000000 08:01 12320859                   /lib/x86_64-linux-gnu/librt-2.19.so
7ff559d23000-7ff559f22000 ---p 00007000 08:01 12320859                   /lib/x86_64-linux-gnu/librt-2.19.so
7ff559f22000-7ff559f23000 r--p 00006000 08:01 12320859                   /lib/x86_64-linux-gnu/librt-2.19.so
7ff559f23000-7ff559f24000 rw-p 00007000 08:01 12320859                   /lib/x86_64-linux-gnu/librt-2.19.so
7ff559f24000-7ff55a029000 r-xp 00000000 08:01 12320866                   /lib/x86_64-linux-gnu/libm-2.19.so
7ff55a029000-7ff55a228000 ---p 00105000 08:01 12320866                   /lib/x86_64-linux-gnu/libm-2.19.so
7ff55a228000-7ff55a229000 r--p 00104000 08:01 12320866                   /lib/x86_64-linux-gnu/libm-2.19.so
7ff55a229000-7ff55a22a000 rw-p 00105000 08:01 12320866                   /lib/x86_64-linux-gnu/libm-2.19.so
7ff55a22a000-7ff55ad9d000 r-xp 00000000 08:01 8127185                    /opt/java/jdk1.7.0_75/jre/lib/amd64/server/libjvm.so
7ff55ad9d000-7ff55af9d000 ---p 00b73000 08:01 8127185                    /opt/java/jdk1.7.0_75/jre/lib/amd64/server/libjvm.so
7ff55af9d000-7ff55b061000 rw-p 00b73000 08:01 8127185                    /opt/java/jdk1.7.0_75/jre/lib/amd64/server/libjvm.so
7ff55b061000-7ff55b0a2000 rw-p 00000000 00:00 0 
7ff55b0a2000-7ff55b25d000 r-xp 00000000 08:01 12320858                   /lib/x86_64-linux-gnu/libc-2.19.so
7ff55b25d000-7ff55b45d000 ---p 001bb000 08:01 12320858                   /lib/x86_64-linux-gnu/libc-2.19.so
7ff55b45d000-7ff55b461000 r--p 001bb000 08:01 12320858                   /lib/x86_64-linux-gnu/libc-2.19.so
7ff55b461000-7ff55b463000 rw-p 001bf000 08:01 12320858                   /lib/x86_64-linux-gnu/libc-2.19.so
7ff55b463000-7ff55b468000 rw-p 00000000 00:00 0 
7ff55b468000-7ff55b46b000 r-xp 00000000 08:01 12320862                   /lib/x86_64-linux-gnu/libdl-2.19.so
7ff55b46b000-7ff55b66a000 ---p 00003000 08:01 12320862                   /lib/x86_64-linux-gnu/libdl-2.19.so
7ff55b66a000-7ff55b66b000 r--p 00002000 08:01 12320862                   /lib/x86_64-linux-gnu/libdl-2.19.so
7ff55b66b000-7ff55b66c000 rw-p 00003000 08:01 12320862                   /lib/x86_64-linux-gnu/libdl-2.19.so
7ff55b66c000-7ff55b682000 r-xp 00000000 08:01 8127870                    /opt/java/jdk1.7.0_75/lib/amd64/jli/libjli.so
7ff55b682000-7ff55b882000 ---p 00016000 08:01 8127870                    /opt/java/jdk1.7.0_75/lib/amd64/jli/libjli.so
7ff55b882000-7ff55b883000 rw-p 00016000 08:01 8127870                    /opt/java/jdk1.7.0_75/lib/amd64/jli/libjli.so
7ff55b883000-7ff55b89c000 r-xp 00000000 08:01 12324771                   /lib/x86_64-linux-gnu/libpthread-2.19.so
7ff55b89c000-7ff55ba9b000 ---p 00019000 08:01 12324771                   /lib/x86_64-linux-gnu/libpthread-2.19.so
7ff55ba9b000-7ff55ba9c000 r--p 00018000 08:01 12324771                   /lib/x86_64-linux-gnu/libpthread-2.19.so
7ff55ba9c000-7ff55ba9d000 rw-p 00019000 08:01 12324771                   /lib/x86_64-linux-gnu/libpthread-2.19.so
7ff55ba9d000-7ff55baa1000 rw-p 00000000 00:00 0 
7ff55baa1000-7ff55bac4000 r-xp 00000000 08:01 12320798                   /lib/x86_64-linux-gnu/ld-2.19.so
7ff55bac4000-7ff55bac7000 r--s 00018000 08:01 9045376                    /home/ramyaky/.gradle/wrapper/dists/gradle-2.2.1-all/c64ydeuardnfqctvr1gm30w53/gradle-2.2.1/lib/commons-io-1.4.jar
7ff55bac7000-7ff55bac9000 r--s 00006000 08:01 9045358                    /home/ramyaky/.gradle/wrapper/dists/gradle-2.2.1-all/c64ydeuardnfqctvr1gm30w53/gradle-2.2.1/lib/slf4j-api-1.7.7.jar
7ff55bac9000-7ff55bb35000 rw-p 00000000 00:00 0 
7ff55bb35000-7ff55bba2000 rw-p 00000000 00:00 0 
7ff55bba2000-7ff55bba5000 ---p 00000000 00:00 0 
7ff55bba5000-7ff55bca7000 rw-p 00000000 00:00 0                          [stack:5794]
7ff55bca7000-7ff55bca8000 r--s 00000000 08:01 9045381                    /home/ramyaky/.gradle/wrapper/dists/gradle-2.2.1-all/c64ydeuardnfqctvr1gm30w53/gradle-2.2.1/lib/jcip-annotations-1.0.jar
7ff55bca8000-7ff55bca9000 r--s 00004000 08:01 9047837                    /home/ramyaky/.gradle/wrapper/dists/gradle-2.2.1-all/c64ydeuardnfqctvr1gm30w53/gradle-2.2.1/lib/ant-launcher-1.9.3.jar
7ff55bca9000-7ff55bcaf000 r--s 00026000 08:01 9045352                    /home/ramyaky/.gradle/wrapper/dists/gradle-2.2.1-all/c64ydeuardnfqctvr1gm30w53/gradle-2.2.1/lib/gradle-base-services-2.2.1.jar
7ff55bcaf000-7ff55bcb7000 r--s 0003c000 08:01 9045350                    /home/ramyaky/.gradle/wrapper/dists/gradle-2.2.1-all/c64ydeuardnfqctvr1gm30w53/gradle-2.2.1/lib/gradle-launcher-2.2.1.jar
7ff55bcb7000-7ff55bcbf000 rw-s 00000000 08:01 4477762                    /tmp/hsperfdata_ramyaky/5793
7ff55bcbf000-7ff55bcc0000 rw-p 00000000 00:00 0 
7ff55bcc0000-7ff55bcc1000 ---p 00000000 00:00 0 
7ff55bcc1000-7ff55bcc3000 rw-p 00000000 00:00 0 
7ff55bcc3000-7ff55bcc4000 r--p 00022000 08:01 12320798                   /lib/x86_64-linux-gnu/ld-2.19.so
7ff55bcc4000-7ff55bcc5000 rw-p 00023000 08:01 12320798                   /lib/x86_64-linux-gnu/ld-2.19.so
7ff55bcc5000-7ff55bcc6000 rw-p 00000000 00:00 0 
7fff29646000-7fff29668000 rw-p 00000000 00:00 0                          [stack]
7fff29769000-7fff2976b000 r-xp 00000000 00:00 0                          [vdso]
ffffffffff600000-ffffffffff601000 r-xp 00000000 00:00 0                  [vsyscall]

VM Arguments:
jvm_args: -XX:MaxPermSize=256m -XX:+HeapDumpOnOutOfMemoryError -Xmx1024m -Dfile.encoding=UTF-8 -Duser.country=US -Duser.language=en -Duser.variant 
java_command: org.gradle.launcher.daemon.bootstrap.GradleDaemon 2.2.1 /home/ramyaky/.gradle/daemon 10800000 19590149-1f77-4511-981f-26387060c5e6 -XX:MaxPermSize=256m -XX:+HeapDumpOnOutOfMemoryError -Xmx1024m -Dfile.encoding=UTF-8 -Duser.country=US -Duser.language=en -Duser.variant
Launcher Type: SUN_STANDARD

Environment Variables:
JAVA_HOME=/opt/java/jdk1.7.0_75
PATH=/usr/local/sbin:/usr/local/bin:/usr/sbin:/usr/bin:/sbin:/bin:/usr/games:/usr/local/games:/opt/java/jdk1.7.0_75/bin/::/home/ramyaky/Ramya/play-2.2.4
LD_LIBRARY_PATH=.:
SHELL=/bin/bash
DISPLAY=:0

Signal Handlers:
SIGSEGV: [libjvm.so+0x9a21f0], sa_mask[0]=0x7ffbfeff, sa_flags=0x10000004
SIGBUS: [libjvm.so+0x9a21f0], sa_mask[0]=0x7ffbfeff, sa_flags=0x10000004
SIGFPE: [libjvm.so+0x81ba40], sa_mask[0]=0x7ffbfeff, sa_flags=0x10000004
SIGPIPE: [libjvm.so+0x81ba40], sa_mask[0]=0x7ffbfeff, sa_flags=0x10000004
SIGXFSZ: [libjvm.so+0x81ba40], sa_mask[0]=0x7ffbfeff, sa_flags=0x10000004
SIGILL: [libjvm.so+0x81ba40], sa_mask[0]=0x7ffbfeff, sa_flags=0x10000004
SIGUSR1: SIG_DFL, sa_mask[0]=0x00000000, sa_flags=0x00000000
SIGUSR2: [libjvm.so+0x81d240], sa_mask[0]=0x00000004, sa_flags=0x10000004
SIGHUP: [libjvm.so+0x81e360], sa_mask[0]=0x7ffbfeff, sa_flags=0x10000004
SIGINT: [libjvm.so+0x81e360], sa_mask[0]=0x7ffbfeff, sa_flags=0x10000004
SIGTERM: [libjvm.so+0x81e360], sa_mask[0]=0x7ffbfeff, sa_flags=0x10000004
SIGQUIT: [libjvm.so+0x81e360], sa_mask[0]=0x7ffbfeff, sa_flags=0x10000004


---------------  S Y S T E M  ---------------

OS:jessie/sid

uname:Linux 3.13.0-32-generic #57-Ubuntu SMP Tue Jul 15 03:51:08 UTC 2014 x86_64
libc:glibc 2.19 NPTL 2.19 
rlimit: STACK 8192k, CORE 0k, NPROC 127289, NOFILE 4096, AS infinity
load average:0.87 0.58 0.64

/proc/meminfo:
MemTotal:       16314700 kB
MemFree:         9064292 kB
Buffers:          145312 kB
Cached:          2679380 kB
SwapCached:            0 kB
Active:          4715512 kB
Inactive:        2159456 kB
Active(anon):    4064596 kB
Inactive(anon):   551288 kB
Active(file):     650916 kB
Inactive(file):  1608168 kB
Unevictable:          72 kB
Mlocked:              72 kB
SwapTotal:      16656380 kB
SwapFree:       16656380 kB
Dirty:              5900 kB
Writeback:             0 kB
AnonPages:       4052848 kB
Mapped:           412920 kB
Shmem:            565360 kB
Slab:             163788 kB
SReclaimable:     117504 kB
SUnreclaim:        46284 kB
KernelStack:        6416 kB
PageTables:        48428 kB
NFS_Unstable:          0 kB
Bounce:                0 kB
WritebackTmp:          0 kB
CommitLimit:    24813728 kB
Committed_AS:    9815260 kB
VmallocTotal:   34359738367 kB
VmallocUsed:      431320 kB
VmallocChunk:   34359295996 kB
HardwareCorrupted:     0 kB
AnonHugePages:   2322432 kB
HugePages_Total:       0
HugePages_Free:        0
HugePages_Rsvd:        0
HugePages_Surp:        0
Hugepagesize:       2048 kB
DirectMap4k:       87644 kB
DirectMap2M:     3987456 kB
DirectMap1G:    12582912 kB


CPU:total 8 (4 cores per cpu, 2 threads per core) family 6 model 60 stepping 3, cmov, cx8, fxsr, mmx, sse, sse2, sse3, ssse3, sse4.1, sse4.2, popcnt, avx, avx2, aes, erms, ht, tsc, tscinvbit

/proc/cpuinfo:
processor	: 0
vendor_id	: GenuineIntel
cpu family	: 6
model		: 60
model name	: Intel(R) Core(TM) i7-4700HQ CPU @ 2.40GHz
stepping	: 3
microcode	: 0x9
cpu MHz		: 2401.000
cache size	: 6144 KB
physical id	: 0
siblings	: 8
core id		: 0
cpu cores	: 4
apicid		: 0
initial apicid	: 0
fpu		: yes
fpu_exception	: yes
cpuid level	: 13
wp		: yes
flags		: fpu vme de pse tsc msr pae mce cx8 apic sep mtrr pge mca cmov pat pse36 clflush dts acpi mmx fxsr sse sse2 ss ht tm pbe syscall nx pdpe1gb rdtscp lm constant_tsc arch_perfmon pebs bts rep_good nopl xtopology nonstop_tsc aperfmperf eagerfpu pni pclmulqdq dtes64 monitor ds_cpl vmx est tm2 ssse3 fma cx16 xtpr pdcm pcid sse4_1 sse4_2 x2apic movbe popcnt tsc_deadline_timer aes xsave avx f16c rdrand lahf_lm abm ida arat epb xsaveopt pln pts dtherm tpr_shadow vnmi flexpriority ept vpid fsgsbase tsc_adjust bmi1 avx2 smep bmi2 erms invpcid
bogomips	: 4789.15
clflush size	: 64
cache_alignment	: 64
address sizes	: 39 bits physical, 48 bits virtual
power management:

processor	: 1
vendor_id	: GenuineIntel
cpu family	: 6
model		: 60
model name	: Intel(R) Core(TM) i7-4700HQ CPU @ 2.40GHz
stepping	: 3
microcode	: 0x9
cpu MHz		: 2401.000
cache size	: 6144 KB
physical id	: 0
siblings	: 8
core id		: 1
cpu cores	: 4
apicid		: 2
initial apicid	: 2
fpu		: yes
fpu_exception	: yes
cpuid level	: 13
wp		: yes
flags		: fpu vme de pse tsc msr pae mce cx8 apic sep mtrr pge mca cmov pat pse36 clflush dts acpi mmx fxsr sse sse2 ss ht tm pbe syscall nx pdpe1gb rdtscp lm constant_tsc arch_perfmon pebs bts rep_good nopl xtopology nonstop_tsc aperfmperf eagerfpu pni pclmulqdq dtes64 monitor ds_cpl vmx est tm2 ssse3 fma cx16 xtpr pdcm pcid sse4_1 sse4_2 x2apic movbe popcnt tsc_deadline_timer aes xsave avx f16c rdrand lahf_lm abm ida arat epb xsaveopt pln pts dtherm tpr_shadow vnmi flexpriority ept vpid fsgsbase tsc_adjust bmi1 avx2 smep bmi2 erms invpcid
bogomips	: 4789.15
clflush size	: 64
cache_alignment	: 64
address sizes	: 39 bits physical, 48 bits virtual
power management:

processor	: 2
vendor_id	: GenuineIntel
cpu family	: 6
model		: 60
model name	: Intel(R) Core(TM) i7-4700HQ CPU @ 2.40GHz
stepping	: 3
microcode	: 0x9
cpu MHz		: 2300.000
cache size	: 6144 KB
physical id	: 0
siblings	: 8
core id		: 2
cpu cores	: 4
apicid		: 4
initial apicid	: 4
fpu		: yes
fpu_exception	: yes
cpuid level	: 13
wp		: yes
flags		: fpu vme de pse tsc msr pae mce cx8 apic sep mtrr pge mca cmov pat pse36 clflush dts acpi mmx fxsr sse sse2 ss ht tm pbe syscall nx pdpe1gb rdtscp lm constant_tsc arch_perfmon pebs bts rep_good nopl xtopology nonstop_tsc aperfmperf eagerfpu pni pclmulqdq dtes64 monitor ds_cpl vmx est tm2 ssse3 fma cx16 xtpr pdcm pcid sse4_1 sse4_2 x2apic movbe popcnt tsc_deadline_timer aes xsave avx f16c rdrand lahf_lm abm ida arat epb xsaveopt pln pts dtherm tpr_shadow vnmi flexpriority ept vpid fsgsbase tsc_adjust bmi1 avx2 smep bmi2 erms invpcid
bogomips	: 4789.15
clflush size	: 64
cache_alignment	: 64
address sizes	: 39 bits physical, 48 bits virtual
power management:

processor	: 3
vendor_id	: GenuineIntel
cpu family	: 6
model		: 60
model name	: Intel(R) Core(TM) i7-4700HQ CPU @ 2.40GHz
stepping	: 3
microcode	: 0x9
cpu MHz		: 2401.000
cache size	: 6144 KB
physical id	: 0
siblings	: 8
core id		: 3
cpu cores	: 4
apicid		: 6
initial apicid	: 6
fpu		: yes
fpu_exception	: yes
cpuid level	: 13
wp		: yes
flags		: fpu vme de pse tsc msr pae mce cx8 apic sep mtrr pge mca cmov pat pse36 clflush dts acpi mmx fxsr sse sse2 ss ht tm pbe syscall nx pdpe1gb rdtscp lm constant_tsc arch_perfmon pebs bts rep_good nopl xtopology nonstop_tsc aperfmperf eagerfpu pni pclmulqdq dtes64 monitor ds_cpl vmx est tm2 ssse3 fma cx16 xtpr pdcm pcid sse4_1 sse4_2 x2apic movbe popcnt tsc_deadline_timer aes xsave avx f16c rdrand lahf_lm abm ida arat epb xsaveopt pln pts dtherm tpr_shadow vnmi flexpriority ept vpid fsgsbase tsc_adjust bmi1 avx2 smep bmi2 erms invpcid
bogomips	: 4789.15
clflush size	: 64
cache_alignment	: 64
address sizes	: 39 bits physical, 48 bits virtual
power management:

processor	: 4
vendor_id	: GenuineIntel
cpu family	: 6
model		: 60
model name	: Intel(R) Core(TM) i7-4700HQ CPU @ 2.40GHz
stepping	: 3
microcode	: 0x9
cpu MHz		: 2401.000
cache size	: 6144 KB
physical id	: 0
siblings	: 8
core id		: 0
cpu cores	: 4
apicid		: 1
initial apicid	: 1
fpu		: yes
fpu_exception	: yes
cpuid level	: 13
wp		: yes
flags		: fpu vme de pse tsc msr pae mce cx8 apic sep mtrr pge mca cmov pat pse36 clflush dts acpi mmx fxsr sse sse2 ss ht tm pbe syscall nx pdpe1gb rdtscp lm constant_tsc arch_perfmon pebs bts rep_good nopl xtopology nonstop_tsc aperfmperf eagerfpu pni pclmulqdq dtes64 monitor ds_cpl vmx est tm2 ssse3 fma cx16 xtpr pdcm pcid sse4_1 sse4_2 x2apic movbe popcnt tsc_deadline_timer aes xsave avx f16c rdrand lahf_lm abm ida arat epb xsaveopt pln pts dtherm tpr_shadow vnmi flexpriority ept vpid fsgsbase tsc_adjust bmi1 avx2 smep bmi2 erms invpcid
bogomips	: 4789.15
clflush size	: 64
cache_alignment	: 64
address sizes	: 39 bits physical, 48 bits virtual
power management:

processor	: 5
vendor_id	: GenuineIntel
cpu family	: 6
model		: 60
model name	: Intel(R) Core(TM) i7-4700HQ CPU @ 2.40GHz
stepping	: 3
microcode	: 0x9
cpu MHz		: 2200.000
cache size	: 6144 KB
physical id	: 0
siblings	: 8
core id		: 1
cpu cores	: 4
apicid		: 3
initial apicid	: 3
fpu		: yes
fpu_exception	: yes
cpuid level	: 13
wp		: yes
flags		: fpu vme de pse tsc msr pae mce cx8 apic sep mtrr pge mca cmov pat pse36 clflush dts acpi mmx fxsr sse sse2 ss ht tm pbe syscall nx pdpe1gb rdtscp lm constant_tsc arch_perfmon pebs bts rep_good nopl xtopology nonstop_tsc aperfmperf eagerfpu pni pclmulqdq dtes64 monitor ds_cpl vmx est tm2 ssse3 fma cx16 xtpr pdcm pcid sse4_1 sse4_2 x2apic movbe popcnt tsc_deadline_timer aes xsave avx f16c rdrand lahf_lm abm ida arat epb xsaveopt pln pts dtherm tpr_shadow vnmi flexpriority ept vpid fsgsbase tsc_adjust bmi1 avx2 smep bmi2 erms invpcid
bogomips	: 4789.15
clflush size	: 64
cache_alignment	: 64
address sizes	: 39 bits physical, 48 bits virtual
power management:

processor	: 6
vendor_id	: GenuineIntel
cpu family	: 6
model		: 60
model name	: Intel(R) Core(TM) i7-4700HQ CPU @ 2.40GHz
stepping	: 3
microcode	: 0x9
cpu MHz		: 2401.000
cache size	: 6144 KB
physical id	: 0
siblings	: 8
core id		: 2
cpu cores	: 4
apicid		: 5
initial apicid	: 5
fpu		: yes
fpu_exception	: yes
cpuid level	: 13
wp		: yes
flags		: fpu vme de pse tsc msr pae mce cx8 apic sep mtrr pge mca cmov pat pse36 clflush dts acpi mmx fxsr sse sse2 ss ht tm pbe syscall nx pdpe1gb rdtscp lm constant_tsc arch_perfmon pebs bts rep_good nopl xtopology nonstop_tsc aperfmperf eagerfpu pni pclmulqdq dtes64 monitor ds_cpl vmx est tm2 ssse3 fma cx16 xtpr pdcm pcid sse4_1 sse4_2 x2apic movbe popcnt tsc_deadline_timer aes xsave avx f16c rdrand lahf_lm abm ida arat epb xsaveopt pln pts dtherm tpr_shadow vnmi flexpriority ept vpid fsgsbase tsc_adjust bmi1 avx2 smep bmi2 erms invpcid
bogomips	: 4789.15
clflush size	: 64
cache_alignment	: 64
address sizes	: 39 bits physical, 48 bits virtual
power management:

processor	: 7
vendor_id	: GenuineIntel
cpu family	: 6
model		: 60
model name	: Intel(R) Core(TM) i7-4700HQ CPU @ 2.40GHz
stepping	: 3
microcode	: 0x9
cpu MHz		: 2401.000
cache size	: 6144 KB
physical id	: 0
siblings	: 8
core id		: 3
cpu cores	: 4
apicid		: 7
initial apicid	: 7
fpu		: yes
fpu_exception	: yes
cpuid level	: 13
wp		: yes
flags		: fpu vme de pse tsc msr pae mce cx8 apic sep mtrr pge mca cmov pat pse36 clflush dts acpi mmx fxsr sse sse2 ss ht tm pbe syscall nx pdpe1gb rdtscp lm constant_tsc arch_perfmon pebs bts rep_good nopl xtopology nonstop_tsc aperfmperf eagerfpu pni pclmulqdq dtes64 monitor ds_cpl vmx est tm2 ssse3 fma cx16 xtpr pdcm pcid sse4_1 sse4_2 x2apic movbe popcnt tsc_deadline_timer aes xsave avx f16c rdrand lahf_lm abm ida arat epb xsaveopt pln pts dtherm tpr_shadow vnmi flexpriority ept vpid fsgsbase tsc_adjust bmi1 avx2 smep bmi2 erms invpcid
bogomips	: 4789.15
clflush size	: 64
cache_alignment	: 64
address sizes	: 39 bits physical, 48 bits virtual
power management:



Memory: 4k page, physical 16314700k(9064292k free), swap 16656380k(16656380k free)

vm_info: Java HotSpot(TM) 64-Bit Server VM (24.75-b04) for linux-amd64 JRE (1.7.0_75-b13), built on Dec 18 2014 16:45:18 by "java_re" with gcc 4.3.0 20080428 (Red Hat 4.3.0-8)

time: Fri Aug 21 18:38:41 2015
elapsed time: 7241 seconds

